["INFO" - 20:06:14] Extension Name: esbenp.prettier-vscode.
["INFO" - 20:06:14] Extension Version: 8.1.0.
["INFO" - 20:07:52] Formatting /home/gsr/.config/Code/Workspaces/1631038072898/workspace.json
["INFO" - 20:07:52] File Info:
{
  "ignored": false,
  "inferredParser": "json"
}
["INFO" - 20:07:52] No local configuration (i.e. .prettierrc or .editorconfig) detected, falling back to VS Code configuration
["INFO" - 20:07:52] Prettier Options:
{
  "arrowParens": "always",
  "bracketSpacing": true,
  "endOfLine": "lf",
  "htmlWhitespaceSensitivity": "css",
  "insertPragma": false,
  "jsxBracketSameLine": false,
  "jsxSingleQuote": false,
  "printWidth": 80,
  "proseWrap": "preserve",
  "quoteProps": "as-needed",
  "requirePragma": false,
  "semi": true,
  "singleQuote": false,
  "tabWidth": 2,
  "trailingComma": "es5",
  "useTabs": false,
  "vueIndentScriptAndStyle": false,
  "filepath": "/home/gsr/.config/Code/Workspaces/1631038072898/workspace.json",
  "parser": "json"
}
["INFO" - 20:07:52] Formatting completed in 353.44895ms.
