[2021-09-01 21:19:29.736] [exthost] [info] extension host started
[2021-09-01 21:19:29.784] [exthost] [info] ExtensionService#_doActivateExtension vscode.microsoft-authentication {"startup":false,"extensionId":{"value":"vscode.microsoft-authentication","_lower":"vscode.microsoft-authentication"},"activationEvent":"onAuthenticationRequest:microsoft"}
[2021-09-01 21:19:29.784] [exthost] [info] ExtensionService#loadCommonJSModule file:///snap/code/72/usr/share/code/resources/app/extensions/microsoft-authentication/dist/extension.js
[2021-09-01 21:19:29.798] [exthost] [info] ExtensionService#_doActivateExtension vscode.debug-auto-launch {"startup":true,"extensionId":{"value":"vscode.debug-auto-launch","_lower":"vscode.debug-auto-launch"},"activationEvent":"*"}
[2021-09-01 21:19:29.798] [exthost] [info] ExtensionService#loadCommonJSModule file:///snap/code/72/usr/share/code/resources/app/extensions/debug-auto-launch/dist/extension
[2021-09-01 21:19:29.802] [exthost] [info] ExtensionService#_doActivateExtension vscode.git {"startup":true,"extensionId":{"value":"vscode.github","_lower":"vscode.github"},"activationEvent":"*"}
[2021-09-01 21:19:29.802] [exthost] [info] ExtensionService#loadCommonJSModule file:///snap/code/72/usr/share/code/resources/app/extensions/git/dist/main
[2021-09-01 21:19:29.855] [exthost] [info] ExtensionService#_doActivateExtension vscode.github {"startup":true,"extensionId":{"value":"vscode.github","_lower":"vscode.github"},"activationEvent":"*"}
[2021-09-01 21:19:29.855] [exthost] [info] ExtensionService#loadCommonJSModule file:///snap/code/72/usr/share/code/resources/app/extensions/github/dist/extension.js
[2021-09-01 21:19:29.863] [exthost] [info] eager extensions activated
[2021-09-01 21:19:29.877] [exthost] [info] ExtensionService#_doActivateExtension vscode.emmet {"startup":false,"extensionId":{"value":"vscode.emmet","_lower":"vscode.emmet"},"activationEvent":"onStartupFinished"}
[2021-09-01 21:19:29.877] [exthost] [info] ExtensionService#loadCommonJSModule file:///snap/code/72/usr/share/code/resources/app/extensions/emmet/dist/node/emmetNodeMain
[2021-09-01 21:19:29.885] [exthost] [info] ExtensionService#_doActivateExtension vscode.merge-conflict {"startup":false,"extensionId":{"value":"vscode.merge-conflict","_lower":"vscode.merge-conflict"},"activationEvent":"onStartupFinished"}
[2021-09-01 21:19:29.885] [exthost] [info] ExtensionService#loadCommonJSModule file:///snap/code/72/usr/share/code/resources/app/extensions/merge-conflict/dist/mergeConflictMain
[2021-09-01 21:19:29.914] [exthost] [info] ExtensionService#_doActivateExtension ms-vscode.js-debug {"startup":false,"extensionId":{"value":"ms-vscode.js-debug","_lower":"ms-vscode.js-debug"},"activationEvent":"onCommand:extension.js-debug.clearAutoAttachVariables"}
[2021-09-01 21:19:29.914] [exthost] [info] ExtensionService#loadCommonJSModule file:///snap/code/72/usr/share/code/resources/app/extensions/ms-vscode.js-debug/src/extension.js
[2021-09-01 21:19:30.101] [exthost] [info] ExtensionService#_doActivateExtension vscode.github-authentication {"startup":false,"extensionId":{"value":"vscode.github-authentication","_lower":"vscode.github-authentication"},"activationEvent":"onAuthenticationRequest:github"}
[2021-09-01 21:19:30.101] [exthost] [info] ExtensionService#loadCommonJSModule file:///snap/code/72/usr/share/code/resources/app/extensions/github-authentication/dist/extension.js
[2021-09-01 21:19:49.026] [exthost] [info] ExtensionService#_doActivateExtension vscode.html-language-features {"startup":false,"extensionId":{"value":"vscode.html-language-features","_lower":"vscode.html-language-features"},"activationEvent":"onLanguage:html"}
[2021-09-01 21:19:49.027] [exthost] [info] ExtensionService#loadCommonJSModule file:///snap/code/72/usr/share/code/resources/app/extensions/html-language-features/client/dist/node/htmlClientMain
[2021-09-01 21:19:49.162] [exthost] [info] ExtensionService#_doActivateExtension vscode.css-language-features {"startup":false,"extensionId":{"value":"vscode.css-language-features","_lower":"vscode.css-language-features"},"activationEvent":"onLanguage:css"}
[2021-09-01 21:19:49.162] [exthost] [info] ExtensionService#loadCommonJSModule file:///snap/code/72/usr/share/code/resources/app/extensions/css-language-features/client/dist/node/cssClientMain
[2021-09-01 21:19:49.225] [exthost] [info] ExtensionService#_doActivateExtension vscode.configuration-editing {"startup":false,"extensionId":{"value":"vscode.configuration-editing","_lower":"vscode.configuration-editing"},"activationEvent":"onLanguage:json"}
[2021-09-01 21:19:49.226] [exthost] [info] ExtensionService#loadCommonJSModule file:///snap/code/72/usr/share/code/resources/app/extensions/configuration-editing/dist/configurationEditingMain
[2021-09-01 21:19:49.234] [exthost] [info] ExtensionService#_doActivateExtension vscode.extension-editing {"startup":false,"extensionId":{"value":"vscode.extension-editing","_lower":"vscode.extension-editing"},"activationEvent":"onLanguage:json"}
[2021-09-01 21:19:49.234] [exthost] [info] ExtensionService#loadCommonJSModule file:///snap/code/72/usr/share/code/resources/app/extensions/extension-editing/dist/extensionEditingMain
[2021-09-01 21:19:49.253] [exthost] [info] ExtensionService#_doActivateExtension vscode.json-language-features {"startup":false,"extensionId":{"value":"vscode.json-language-features","_lower":"vscode.json-language-features"},"activationEvent":"onLanguage:json"}
[2021-09-01 21:19:49.253] [exthost] [info] ExtensionService#loadCommonJSModule file:///snap/code/72/usr/share/code/resources/app/extensions/json-language-features/client/dist/node/jsonClientMain
[2021-09-01 21:19:49.317] [exthost] [info] ExtensionService#_doActivateExtension vscode.npm {"startup":false,"extensionId":{"value":"vscode.npm","_lower":"vscode.npm"},"activationEvent":"onLanguage:json"}
[2021-09-01 21:19:49.317] [exthost] [info] ExtensionService#loadCommonJSModule file:///snap/code/72/usr/share/code/resources/app/extensions/npm/dist/npmMain
[2021-09-01 21:19:54.014] [exthost] [info] ExtensionService#_doActivateExtension ecmel.vscode-html-css {"startup":false,"extensionId":{"value":"ecmel.vscode-html-css","_lower":"ecmel.vscode-html-css"},"activationEvent":"*"}
[2021-09-01 21:19:54.014] [exthost] [info] ExtensionService#loadCommonJSModule file:///home/gsr/.vscode/extensions/ecmel.vscode-html-css-1.10.2/dist/extension.js
[2021-09-01 21:19:58.877] [exthost] [info] ExtensionService#_doActivateExtension vscode.typescript-language-features {"startup":false,"extensionId":{"value":"vscode.typescript-language-features","_lower":"vscode.typescript-language-features"},"activationEvent":"onLanguage:javascript"}
[2021-09-01 21:19:58.878] [exthost] [info] ExtensionService#loadCommonJSModule file:///snap/code/72/usr/share/code/resources/app/extensions/typescript-language-features/dist/extension
[2021-09-01 21:28:51.620] [exthost] [info] ExtensionService#_doActivateExtension eg2.vscode-npm-script {"startup":false,"extensionId":{"value":"eg2.vscode-npm-script","_lower":"eg2.vscode-npm-script"},"activationEvent":"onLanguage:json"}
[2021-09-01 21:28:51.620] [exthost] [info] ExtensionService#loadCommonJSModule file:///home/gsr/.vscode/extensions/eg2.vscode-npm-script-0.3.22/dist/extension
[2021-09-01 21:28:57.890] [exthost] [info] ExtensionService#_doActivateExtension christian-kohler.npm-intellisense {"startup":false,"extensionId":{"value":"christian-kohler.npm-intellisense","_lower":"christian-kohler.npm-intellisense"},"activationEvent":"onLanguage:javascript"}
[2021-09-01 21:28:57.890] [exthost] [info] ExtensionService#loadCommonJSModule file:///home/gsr/.vscode/extensions/christian-kohler.npm-intellisense-1.4.0/out/src/extension
[2021-09-01 21:28:59.921] [exthost] [info] ExtensionService#_doActivateExtension herrmannplatz.npm-dependency-links {"startup":false,"extensionId":{"value":"herrmannplatz.npm-dependency-links","_lower":"herrmannplatz.npm-dependency-links"},"activationEvent":"*"}
[2021-09-01 21:28:59.921] [exthost] [info] ExtensionService#loadCommonJSModule file:///home/gsr/.vscode/extensions/herrmannplatz.npm-dependency-links-1.2.0/extension
[2021-09-01 21:29:24.197] [exthost] [info] ExtensionService#_doActivateExtension mskelton.npm-outdated {"startup":false,"extensionId":{"value":"mskelton.npm-outdated","_lower":"mskelton.npm-outdated"},"activationEvent":"onLanguage:json"}
[2021-09-01 21:29:24.198] [exthost] [info] ExtensionService#loadCommonJSModule file:///home/gsr/.vscode/extensions/mskelton.npm-outdated-1.4.1/out/extension.js
[2021-09-01 21:29:51.256] [exthost] [info] ExtensionService#_doActivateExtension ZainChen.json {"startup":false,"extensionId":{"value":"ZainChen.json","_lower":"zainchen.json"},"activationEvent":"onLanguage:json"}
[2021-09-01 21:29:51.256] [exthost] [info] ExtensionService#loadCommonJSModule file:///home/gsr/.vscode/extensions/zainchen.json-2.0.2/out/extension.js
[2021-09-01 21:30:17.563] [exthost] [info] ExtensionService#_doActivateExtension tombonnike.vscode-status-bar-format-toggle {"startup":false,"extensionId":{"value":"tombonnike.vscode-status-bar-format-toggle","_lower":"tombonnike.vscode-status-bar-format-toggle"},"activationEvent":"*"}
[2021-09-01 21:30:17.563] [exthost] [info] ExtensionService#loadCommonJSModule file:///home/gsr/.vscode/extensions/tombonnike.vscode-status-bar-format-toggle-2.0.0/out/extension
[2021-09-01 21:30:17.573] [exthost] [info] ExtensionService#_doActivateExtension dbaeumer.vscode-eslint {"startup":false,"extensionId":{"value":"dbaeumer.vscode-eslint","_lower":"dbaeumer.vscode-eslint"},"activationEvent":"onStartupFinished"}
[2021-09-01 21:30:17.573] [exthost] [info] ExtensionService#loadCommonJSModule file:///home/gsr/.vscode/extensions/dbaeumer.vscode-eslint-2.1.23/client/out/extension
[2021-09-01 21:30:17.616] [exthost] [info] ExtensionService#_doActivateExtension formulahendry.auto-rename-tag {"startup":false,"extensionId":{"value":"formulahendry.auto-rename-tag","_lower":"formulahendry.auto-rename-tag"},"activationEvent":"*"}
[2021-09-01 21:30:17.616] [exthost] [info] ExtensionService#loadCommonJSModule file:///home/gsr/.vscode/extensions/formulahendry.auto-rename-tag-0.1.8/packages/extension/dist/extensionMain.js
[2021-09-01 21:30:17.646] [exthost] [info] ExtensionService#_doActivateExtension formulahendry.auto-close-tag {"startup":false,"extensionId":{"value":"formulahendry.auto-close-tag","_lower":"formulahendry.auto-close-tag"},"activationEvent":"*"}
[2021-09-01 21:30:17.646] [exthost] [info] ExtensionService#loadCommonJSModule file:///home/gsr/.vscode/extensions/formulahendry.auto-close-tag-0.5.12/out/src/extension
[2021-09-01 21:30:17.648] [exthost] [info] ExtensionService#_doActivateExtension esbenp.prettier-vscode {"startup":false,"extensionId":{"value":"esbenp.prettier-vscode","_lower":"esbenp.prettier-vscode"},"activationEvent":"onStartupFinished"}
[2021-09-01 21:30:17.648] [exthost] [info] ExtensionService#loadCommonJSModule file:///home/gsr/.vscode/extensions/esbenp.prettier-vscode-8.1.0/dist/extension
[2021-09-01 21:30:17.807] [exthost] [info] ExtensionService#_doActivateExtension VisualStudioExptTeam.vscodeintellicode {"startup":false,"extensionId":{"value":"VisualStudioExptTeam.vscodeintellicode","_lower":"visualstudioexptteam.vscodeintellicode"},"activationEvent":"onLanguage:typescript"}
[2021-09-01 21:30:17.808] [exthost] [info] ExtensionService#loadCommonJSModule file:///home/gsr/.vscode/extensions/visualstudioexptteam.vscodeintellicode-1.2.14/dist/intellicode
[2021-09-01 21:31:05.321] [exthost] [info] ExtensionService#_doActivateExtension vscodevim.vim {"startup":false,"extensionId":{"value":"vscodevim.vim","_lower":"vscodevim.vim"},"activationEvent":"*"}
[2021-09-01 21:31:05.321] [exthost] [info] ExtensionService#loadCommonJSModule file:///home/gsr/.vscode/extensions/vscodevim.vim-1.21.7/out/extension
[2021-09-01 21:33:45.143] [exthost] [info] extension host terminating: renderer closed the socket
[2021-09-01 21:33:45.175] [exthost] [error] Error: ENOENT: no such file or directory, open '/home/gsr/.config/Code/User/globalStorage/vscodevim.vim/.registers'
[2021-09-01 21:33:46.171] [exthost] [info] exiting with code 0
[2021-09-01 21:33:47.099] [exthost] [info] extension host started
[2021-09-01 21:33:47.099] [exthost] [info] Skipping acquiring lock for /home/gsr/.config/Code/User/workspaceStorage/49e16f5b11f06953a731dedd3a0ed12d.
[2021-09-01 21:33:47.156] [exthost] [info] ExtensionService#_doActivateExtension vscode.microsoft-authentication {"startup":false,"extensionId":{"value":"vscode.microsoft-authentication","_lower":"vscode.microsoft-authentication"},"activationEvent":"onAuthenticationRequest:microsoft"}
[2021-09-01 21:33:47.157] [exthost] [info] ExtensionService#loadCommonJSModule file:///snap/code/72/usr/share/code/resources/app/extensions/microsoft-authentication/dist/extension.js
[2021-09-01 21:33:47.171] [exthost] [info] ExtensionService#_doActivateExtension vscode.debug-auto-launch {"startup":true,"extensionId":{"value":"vscode.debug-auto-launch","_lower":"vscode.debug-auto-launch"},"activationEvent":"*"}
[2021-09-01 21:33:47.171] [exthost] [info] ExtensionService#loadCommonJSModule file:///snap/code/72/usr/share/code/resources/app/extensions/debug-auto-launch/dist/extension
[2021-09-01 21:33:47.175] [exthost] [info] ExtensionService#_doActivateExtension vscode.git {"startup":true,"extensionId":{"value":"vscode.github","_lower":"vscode.github"},"activationEvent":"*"}
[2021-09-01 21:33:47.175] [exthost] [info] ExtensionService#loadCommonJSModule file:///snap/code/72/usr/share/code/resources/app/extensions/git/dist/main
[2021-09-01 21:33:47.196] [exthost] [info] ExtensionService#_doActivateExtension formulahendry.auto-close-tag {"startup":true,"extensionId":{"value":"formulahendry.auto-close-tag","_lower":"formulahendry.auto-close-tag"},"activationEvent":"*"}
[2021-09-01 21:33:47.196] [exthost] [info] ExtensionService#loadCommonJSModule file:///home/gsr/.vscode/extensions/formulahendry.auto-close-tag-0.5.12/out/src/extension
[2021-09-01 21:33:47.198] [exthost] [info] ExtensionService#_doActivateExtension formulahendry.auto-rename-tag {"startup":true,"extensionId":{"value":"formulahendry.auto-rename-tag","_lower":"formulahendry.auto-rename-tag"},"activationEvent":"*"}
[2021-09-01 21:33:47.198] [exthost] [info] ExtensionService#loadCommonJSModule file:///home/gsr/.vscode/extensions/formulahendry.auto-rename-tag-0.1.8/packages/extension/dist/extensionMain.js
[2021-09-01 21:33:47.223] [exthost] [info] ExtensionService#_doActivateExtension vscodevim.vim {"startup":true,"extensionId":{"value":"vscodevim.vim","_lower":"vscodevim.vim"},"activationEvent":"*"}
[2021-09-01 21:33:47.223] [exthost] [info] ExtensionService#loadCommonJSModule file:///home/gsr/.vscode/extensions/vscodevim.vim-1.21.7/out/extension
[2021-09-01 21:33:47.511] [exthost] [info] ExtensionService#_doActivateExtension ms-vscode.js-debug {"startup":false,"extensionId":{"value":"ms-vscode.js-debug","_lower":"ms-vscode.js-debug"},"activationEvent":"onCommand:extension.js-debug.clearAutoAttachVariables"}
[2021-09-01 21:33:47.511] [exthost] [info] ExtensionService#loadCommonJSModule file:///snap/code/72/usr/share/code/resources/app/extensions/ms-vscode.js-debug/src/extension.js
[2021-09-01 21:33:47.639] [exthost] [info] ExtensionService#_doActivateExtension vscode.github {"startup":false,"extensionId":{"value":"vscode.github","_lower":"vscode.github"},"activationEvent":"*"}
[2021-09-01 21:33:47.639] [exthost] [info] ExtensionService#loadCommonJSModule file:///snap/code/72/usr/share/code/resources/app/extensions/github/dist/extension.js
[2021-09-01 21:33:47.693] [exthost] [info] eager extensions activated
[2021-09-01 21:33:47.720] [exthost] [info] ExtensionService#_doActivateExtension vscode.emmet {"startup":false,"extensionId":{"value":"vscode.emmet","_lower":"vscode.emmet"},"activationEvent":"onStartupFinished"}
[2021-09-01 21:33:47.720] [exthost] [info] ExtensionService#loadCommonJSModule file:///snap/code/72/usr/share/code/resources/app/extensions/emmet/dist/node/emmetNodeMain
[2021-09-01 21:33:47.729] [exthost] [info] ExtensionService#_doActivateExtension vscode.merge-conflict {"startup":false,"extensionId":{"value":"vscode.merge-conflict","_lower":"vscode.merge-conflict"},"activationEvent":"onStartupFinished"}
[2021-09-01 21:33:47.729] [exthost] [info] ExtensionService#loadCommonJSModule file:///snap/code/72/usr/share/code/resources/app/extensions/merge-conflict/dist/mergeConflictMain
[2021-09-01 21:33:47.732] [exthost] [info] ExtensionService#_doActivateExtension esbenp.prettier-vscode {"startup":false,"extensionId":{"value":"esbenp.prettier-vscode","_lower":"esbenp.prettier-vscode"},"activationEvent":"onStartupFinished"}
[2021-09-01 21:33:47.732] [exthost] [info] ExtensionService#loadCommonJSModule file:///home/gsr/.vscode/extensions/esbenp.prettier-vscode-8.1.0/dist/extension
[2021-09-01 21:33:47.826] [exthost] [info] ExtensionService#_doActivateExtension vscode.github-authentication {"startup":false,"extensionId":{"value":"vscode.github-authentication","_lower":"vscode.github-authentication"},"activationEvent":"onAuthenticationRequest:github"}
[2021-09-01 21:33:47.826] [exthost] [info] ExtensionService#loadCommonJSModule file:///snap/code/72/usr/share/code/resources/app/extensions/github-authentication/dist/extension.js
[2021-09-01 21:33:47.913] [exthost] [error] Activating extension esbenp.prettier-vscode failed due to an error:
[2021-09-01 21:33:47.913] [exthost] [error] TypeError: Cannot assign to read only property 'prettierPath' of object '#<Object>'
    at Object.logInfo [as getConfig] (/home/gsr/.vscode/extensions/esbenp.prettier-vscode-8.1.0/src/util.ts:42:12)
    at e.activate (/home/gsr/.vscode/extensions/esbenp.prettier-vscode-8.1.0/src/extension.ts:29:20)
    at Function._callActivateOptional (/snap/code/72/usr/share/code/resources/app/out/vs/workbench/services/extensions/node/extensionHostProcess.js:90:14919)
    at Function._callActivate (/snap/code/72/usr/share/code/resources/app/out/vs/workbench/services/extensions/node/extensionHostProcess.js:90:14592)
    at /snap/code/72/usr/share/code/resources/app/out/vs/workbench/services/extensions/node/extensionHostProcess.js:90:12789
    at processTicksAndRejections (internal/process/task_queues.js:93:5)
    at async Promise.all (index 0)
[2021-09-01 21:33:51.229] [exthost] [info] ExtensionService#_doActivateExtension dbaeumer.vscode-eslint {"startup":false,"extensionId":{"value":"dbaeumer.vscode-eslint","_lower":"dbaeumer.vscode-eslint"},"activationEvent":"onStartupFinished"}
[2021-09-01 21:33:51.230] [exthost] [info] ExtensionService#loadCommonJSModule file:///home/gsr/.vscode/extensions/dbaeumer.vscode-eslint-2.1.23/client/out/extension
[2021-09-01 21:33:51.261] [exthost] [info] ExtensionService#_doActivateExtension ecmel.vscode-html-css {"startup":false,"extensionId":{"value":"ecmel.vscode-html-css","_lower":"ecmel.vscode-html-css"},"activationEvent":"*"}
[2021-09-01 21:33:51.261] [exthost] [info] ExtensionService#loadCommonJSModule file:///home/gsr/.vscode/extensions/ecmel.vscode-html-css-1.10.2/dist/extension.js
[2021-09-01 21:33:51.282] [exthost] [info] ExtensionService#_doActivateExtension herrmannplatz.npm-dependency-links {"startup":false,"extensionId":{"value":"herrmannplatz.npm-dependency-links","_lower":"herrmannplatz.npm-dependency-links"},"activationEvent":"*"}
[2021-09-01 21:33:51.282] [exthost] [info] ExtensionService#loadCommonJSModule file:///home/gsr/.vscode/extensions/herrmannplatz.npm-dependency-links-1.2.0/extension
[2021-09-01 21:33:51.283] [exthost] [info] ExtensionService#_doActivateExtension tombonnike.vscode-status-bar-format-toggle {"startup":false,"extensionId":{"value":"tombonnike.vscode-status-bar-format-toggle","_lower":"tombonnike.vscode-status-bar-format-toggle"},"activationEvent":"*"}
[2021-09-01 21:33:51.283] [exthost] [info] ExtensionService#loadCommonJSModule file:///home/gsr/.vscode/extensions/tombonnike.vscode-status-bar-format-toggle-2.0.0/out/extension
[2021-09-01 21:33:53.028] [exthost] [info] ExtensionService#_doActivateExtension iakimov.check-npm-updates {"startup":false,"extensionId":{"value":"iakimov.check-npm-updates","_lower":"iakimov.check-npm-updates"},"activationEvent":"workspaceContains:**/package.json"}
[2021-09-01 21:33:53.028] [exthost] [info] ExtensionService#loadCommonJSModule file:///home/gsr/.vscode/extensions/iakimov.check-npm-updates-1.7.7/out/extension
[2021-09-01 21:33:53.106] [exthost] [info] ExtensionService#_doActivateExtension lukaserat.npm-scripts {"startup":false,"extensionId":{"value":"lukaserat.npm-scripts","_lower":"lukaserat.npm-scripts"},"activationEvent":"workspaceContains:**/package.json"}
[2021-09-01 21:33:53.106] [exthost] [info] ExtensionService#loadCommonJSModule file:///home/gsr/.vscode/extensions/lukaserat.npm-scripts-1.0.0/out/extension
[2021-09-01 21:33:53.132] [exthost] [error] Activating extension lukaserat.npm-scripts failed due to an error:
[2021-09-01 21:33:53.132] [exthost] [error] Error: ENOENT: no such file or directory, open '/home/gsr/package.json'
    at Object.openSync (fs.js:476:3)
    at Object.func [as openSync] (electron/js2c/asar_bundle.js:5:1846)
    at Object.readFileSync (fs.js:377:35)
    at Object.e.readFileSync (electron/js2c/asar_bundle.js:5:8872)
    at NpmScripts.read (/home/gsr/.vscode/extensions/lukaserat.npm-scripts-1.0.0/out/extension.js:85:41)
    at activate (/home/gsr/.vscode/extensions/lukaserat.npm-scripts-1.0.0/out/extension.js:20:19)
    at Function._callActivateOptional (/snap/code/72/usr/share/code/resources/app/out/vs/workbench/services/extensions/node/extensionHostProcess.js:90:14919)
    at Function._callActivate (/snap/code/72/usr/share/code/resources/app/out/vs/workbench/services/extensions/node/extensionHostProcess.js:90:14592)
    at /snap/code/72/usr/share/code/resources/app/out/vs/workbench/services/extensions/node/extensionHostProcess.js:90:12789
    at processTicksAndRejections (internal/process/task_queues.js:93:5)
    at async Promise.all (index 0)
    at v.$activate (/snap/code/72/usr/share/code/resources/app/out/vs/workbench/services/extensions/node/extensionHostProcess.js:90:20144)
[2021-09-01 21:34:01.120] [exthost] [info] extension host terminating: renderer closed the socket
[2021-09-01 21:34:01.143] [exthost] [error] Error: ENOENT: no such file or directory, open '/home/gsr/.config/Code/User/globalStorage/vscodevim.vim/.registers'
[2021-09-01 21:34:02.135] [exthost] [info] exiting with code 0
