Validating found git in: git
Using git 2.25.1 from git
> git rev-parse --git-dir
Open repository: /home/gsr/Documentos/EdC-Test/EdC-Test
> git status -z -u
> git symbolic-ref --short HEAD
> git for-each-ref --format=%(refname)%00%(upstream:short)%00%(objectname)%00%(upstream:track) refs/heads/master refs/remotes/master
> git for-each-ref --sort -committerdate --format %(refname) %(objectname) %(*objectname)
> git remote --verbose
> git config --get commit.template
> git rev-parse --git-dir
Open repository: /home/gsr
> git status -z -u
> git check-ignore -v -z --stdin
> git check-ignore -v -z --stdin
> git check-ignore -v -z --stdin
> git log --format=%H%n%aN%n%aE%n%at%n%ct%n%P%n%B -z -n21 -- /home/gsr/Documentos/Prueba CTO Encantado de Comerte.docx
> git log --format=%H%n%aN%n%aE%n%at%n%ct%n%P%n%B -z -n21 -- /home/gsr/Documentos/Prueba CTO Encantado de Comerte.docx
> git check-ignore -v -z --stdin
Opening repository for path='/home/gsr/Documentos' failed; ex=Canceled: Canceled
Open repository: /home/gsr/Documentos/EdC-Test
Opening repository for path='/home/gsr/Documentos/Prueba CTO Encantado de Comerte.docx' failed; ex=Error: spawn ENOTDIR
Opening repository for path='/home/gsr/Documentos/workspace.code-Laravel-todo.code-workspace' failed; ex=Error: spawn ENOTDIR
