[2021-09-07 20:24:39.476] [renderer2] [error] Cannot read property 'dependencies' of undefined: TypeError: Cannot read property 'dependencies' of undefined
    at MapSubscriber.project (/home/gsr/.vscode/extensions/dennisvhest.npm-browser-1.1.0/bundle.js:12624:55)
    at MapSubscriber._next (/home/gsr/.vscode/extensions/dennisvhest.npm-browser-1.1.0/bundle.js:2833:35)
    at MapSubscriber.Subscriber.next (/home/gsr/.vscode/extensions/dennisvhest.npm-browser-1.1.0/bundle.js:2192:18)
    at CombineLatestSubscriber.notifyNext (/home/gsr/.vscode/extensions/dennisvhest.npm-browser-1.1.0/bundle.js:3077:34)
    at InnerSubscriber._next (/home/gsr/.vscode/extensions/dennisvhest.npm-browser-1.1.0/bundle.js:2874:21)
    at InnerSubscriber.Subscriber.next (/home/gsr/.vscode/extensions/dennisvhest.npm-browser-1.1.0/bundle.js:2192:18)
    at BehaviorSubject._subscribe (/home/gsr/.vscode/extensions/dennisvhest.npm-browser-1.1.0/bundle.js:2740:24)
    at BehaviorSubject.Observable._trySubscribe (/home/gsr/.vscode/extensions/dennisvhest.npm-browser-1.1.0/bundle.js:2462:25)
    at BehaviorSubject.Subject._trySubscribe (/home/gsr/.vscode/extensions/dennisvhest.npm-browser-1.1.0/bundle.js:2654:51)
    at BehaviorSubject.Observable.subscribe (/home/gsr/.vscode/extensions/dennisvhest.npm-browser-1.1.0/bundle.js:2448:22)
    at /home/gsr/.vscode/extensions/dennisvhest.npm-browser-1.1.0/bundle.js:2967:31
    at subscribeToResult (/home/gsr/.vscode/extensions/dennisvhest.npm-browser-1.1.0/bundle.js:2999:31)
    at CombineLatestSubscriber._complete (/home/gsr/.vscode/extensions/dennisvhest.npm-browser-1.1.0/bundle.js:3056:26)
    at CombineLatestSubscriber.Subscriber.complete (/home/gsr/.vscode/extensions/dennisvhest.npm-browser-1.1.0/bundle.js:2204:18)
    at Observable._subscribe (/home/gsr/.vscode/extensions/dennisvhest.npm-browser-1.1.0/bundle.js:2773:24)
    at Observable._trySubscribe (/home/gsr/.vscode/extensions/dennisvhest.npm-browser-1.1.0/bundle.js:2462:25)
    at Observable.subscribe (/home/gsr/.vscode/extensions/dennisvhest.npm-browser-1.1.0/bundle.js:2448:22)
    at CombineLatestOperator.call (/home/gsr/.vscode/extensions/dennisvhest.npm-browser-1.1.0/bundle.js:3027:23)
    at Observable.subscribe (/home/gsr/.vscode/extensions/dennisvhest.npm-browser-1.1.0/bundle.js:2443:31)
    at MapOperator.call (/home/gsr/.vscode/extensions/dennisvhest.npm-browser-1.1.0/bundle.js:2817:23)
    at Observable.subscribe (/home/gsr/.vscode/extensions/dennisvhest.npm-browser-1.1.0/bundle.js:2443:31)
    at new DependencyTreeDataProvider (/home/gsr/.vscode/extensions/dennisvhest.npm-browser-1.1.0/bundle.js:12631:13)
    at activate (/home/gsr/.vscode/extensions/dennisvhest.npm-browser-1.1.0/bundle.js:12727:27)
    at Function._callActivateOptional (/snap/code/73/usr/share/code/resources/app/out/vs/workbench/services/extensions/node/extensionHostProcess.js:99:14900)
    at Function._callActivate (/snap/code/73/usr/share/code/resources/app/out/vs/workbench/services/extensions/node/extensionHostProcess.js:99:14576)
    at /snap/code/73/usr/share/code/resources/app/out/vs/workbench/services/extensions/node/extensionHostProcess.js:99:12779
    at processTicksAndRejections (internal/process/task_queues.js:93:5)
    at async Promise.all (index 0)
