Validating found git in: git
Using git 2.25.1 from git
> git rev-parse --git-dir
Open repository: /home/gsr
> git status -z -u
> git check-ignore -v -z --stdin
> git symbolic-ref --short HEAD
> git for-each-ref --format=%(refname)%00%(upstream:short)%00%(objectname)%00%(upstream:track) refs/heads/master refs/remotes/master
> git for-each-ref --sort -committerdate --format %(refname) %(objectname) %(*objectname)
> git remote --verbose
> git config --get commit.template
> git show --textconv :todo-app/todo-api/.env
> git ls-files --stage -- /home/gsr/todo-app/todo-api/.env
> git check-ignore -v -z --stdin
> git check-ignore -v -z --stdin
> git check-ignore -v -z --stdin
> git check-ignore -v -z --stdin
> git show --textconv :todo-app/todo-api/database/migrations/2014_10_12_000000_create_users_table.php
> git ls-files --stage -- /home/gsr/todo-app/todo-api/database/migrations/2014_10_12_000000_create_users_table.php
> git show --textconv :todo-app/todo-api/database/migrations/2014_10_12_100000_create_password_resets_table.php
> git ls-files --stage -- /home/gsr/todo-app/todo-api/database/migrations/2014_10_12_100000_create_password_resets_table.php
> git show --textconv :todo-app/todo-api/database/migrations/2019_08_19_000000_create_failed_jobs_table.php
> git ls-files --stage -- /home/gsr/todo-app/todo-api/database/migrations/2019_08_19_000000_create_failed_jobs_table.php
> git show --textconv :todo-app/todo-api/.env
> git ls-files --stage -- /home/gsr/todo-app/todo-api/.env
> git show --textconv :todo-app/todo-api/database/migrations/2021_09_03_140525_create_todos_table.php
> git ls-files --stage -- /home/gsr/todo-app/todo-api/database/migrations/2021_09_03_140525_create_todos_table.php
> git show --textconv :todo-app/todo-api/database/migrations/2019_12_14_000001_create_personal_access_tokens_table.php
> git ls-files --stage -- /home/gsr/todo-app/todo-api/database/migrations/2019_12_14_000001_create_personal_access_tokens_table.php
> git show --textconv :todo-app/todo-api/database/migrations/2014_10_12_100000_create_password_resets_table.php
> git ls-files --stage -- /home/gsr/todo-app/todo-api/database/migrations/2014_10_12_100000_create_password_resets_table.php
> git show --textconv :todo-app/todo-api/database/migrations/2014_10_12_000000_create_users_table.php
> git ls-files --stage -- /home/gsr/todo-app/todo-api/database/migrations/2014_10_12_000000_create_users_table.php
> git show --textconv :todo-app/todo-api/database/migrations/2014_10_12_100000_create_password_resets_table.php
> git ls-files --stage -- /home/gsr/todo-app/todo-api/database/migrations/2014_10_12_100000_create_password_resets_table.php
> git show --textconv :todo-app/todo-api/database/migrations/2019_12_14_000001_create_personal_access_tokens_table.php
> git ls-files --stage -- /home/gsr/todo-app/todo-api/database/migrations/2019_12_14_000001_create_personal_access_tokens_table.php
> git show --textconv :todo-app/todo-api/database/migrations/2021_09_03_140525_create_todos_table.php
> git ls-files --stage -- /home/gsr/todo-app/todo-api/database/migrations/2021_09_03_140525_create_todos_table.php
> git show --textconv :todo-app/todo-api/database/migrations/2014_10_12_000000_create_users_table.php
> git ls-files --stage -- /home/gsr/todo-app/todo-api/database/migrations/2014_10_12_000000_create_users_table.php
> git show --textconv :todo-app/todo-api/database/migrations/2014_10_12_100000_create_password_resets_table.php
> git ls-files --stage -- /home/gsr/todo-app/todo-api/database/migrations/2014_10_12_100000_create_password_resets_table.php
> git show --textconv :todo-app/todo-api/database/migrations/2019_12_14_000001_create_personal_access_tokens_table.php
> git ls-files --stage -- /home/gsr/todo-app/todo-api/database/migrations/2019_12_14_000001_create_personal_access_tokens_table.php
> git show --textconv :todo-app/todo-api/database/migrations/2021_09_03_140525_create_todos_table.php
> git ls-files --stage -- /home/gsr/todo-app/todo-api/database/migrations/2021_09_03_140525_create_todos_table.php
> git check-ignore -v -z --stdin
> git check-ignore -v -z --stdin
> git push -u EdC master
remote: 
remote: Create a pull request for 'master' on GitHub by visiting:        
remote:      https://github.com/Gormm1980/EdC---TodoList/pull/new/master        
remote: 
To https://github.com/Gormm1980/EdC---TodoList.git
 * [new branch]      master -> master
> git status -z -u
> git symbolic-ref --short HEAD
> git for-each-ref --format=%(refname)%00%(upstream:short)%00%(objectname)%00%(upstream:track) refs/heads/master refs/remotes/master
> git for-each-ref --sort -committerdate --format %(refname) %(objectname) %(*objectname)
> git remote --verbose
> git config --get commit.template
> git ls-files --stage -- /home/gsr/todo-app/todo-api/database/migrations/2021_09_03_140525_create_todos_table.php
> git show --textconv :todo-app/todo-api/database/migrations/2021_09_03_140525_create_todos_table.php
> git show --textconv :todo-app/todo-api/database/migrations/2019_12_14_000001_create_personal_access_tokens_table.php
> git ls-files --stage -- /home/gsr/todo-app/todo-api/database/migrations/2019_12_14_000001_create_personal_access_tokens_table.php
> git show --textconv :todo-app/todo-api/database/migrations/2014_10_12_100000_create_password_resets_table.php
> git ls-files --stage -- /home/gsr/todo-app/todo-api/database/migrations/2014_10_12_100000_create_password_resets_table.php
