[2021-09-07 19:52:03.566] [exthost] [info] extension host started
[2021-09-07 19:52:03.567] [exthost] [info] Skipping acquiring lock for /home/gsr/.config/Code/User/workspaceStorage/49e16f5b11f06953a731dedd3a0ed12d.
[2021-09-07 19:52:03.889] [exthost] [info] ExtensionService#_doActivateExtension vscode.microsoft-authentication {"startup":false,"extensionId":{"value":"vscode.microsoft-authentication","_lower":"vscode.microsoft-authentication"},"activationEvent":"onAuthenticationRequest:microsoft"}
[2021-09-07 19:52:03.889] [exthost] [info] ExtensionService#loadCommonJSModule file:///snap/code/73/usr/share/code/resources/app/extensions/microsoft-authentication/dist/extension.js
[2021-09-07 19:52:03.902] [exthost] [info] ExtensionService#_doActivateExtension vscode.php-language-features {"startup":false,"extensionId":{"value":"vscode.php-language-features","_lower":"vscode.php-language-features"},"activationEvent":"onLanguage:php"}
[2021-09-07 19:52:03.902] [exthost] [info] ExtensionService#loadCommonJSModule file:///snap/code/73/usr/share/code/resources/app/extensions/php-language-features/dist/phpMain
[2021-09-07 19:52:03.914] [exthost] [info] ExtensionService#_doActivateExtension formulahendry.vscode-mysql {"startup":false,"extensionId":{"value":"formulahendry.vscode-mysql","_lower":"formulahendry.vscode-mysql"},"activationEvent":"onView:mysql"}
[2021-09-07 19:52:03.914] [exthost] [info] ExtensionService#loadCommonJSModule file:///home/gsr/.vscode/extensions/formulahendry.vscode-mysql-0.4.1/out/extension
[2021-09-07 19:52:04.120] [exthost] [info] ExtensionService#_doActivateExtension vscode.debug-auto-launch {"startup":true,"extensionId":{"value":"vscode.debug-auto-launch","_lower":"vscode.debug-auto-launch"},"activationEvent":"*"}
[2021-09-07 19:52:04.120] [exthost] [info] ExtensionService#loadCommonJSModule file:///snap/code/73/usr/share/code/resources/app/extensions/debug-auto-launch/dist/extension
[2021-09-07 19:52:04.125] [exthost] [info] ExtensionService#_doActivateExtension vscode.git {"startup":true,"extensionId":{"value":"vscode.github","_lower":"vscode.github"},"activationEvent":"*"}
[2021-09-07 19:52:04.125] [exthost] [info] ExtensionService#loadCommonJSModule file:///snap/code/73/usr/share/code/resources/app/extensions/git/dist/main
[2021-09-07 19:52:04.151] [exthost] [info] ExtensionService#_doActivateExtension cweijan.vscode-mysql-client2 {"startup":true,"extensionId":{"value":"cweijan.vscode-mysql-client2","_lower":"cweijan.vscode-mysql-client2"},"activationEvent":"*"}
[2021-09-07 19:52:04.152] [exthost] [info] ExtensionService#loadCommonJSModule file:///home/gsr/.vscode/extensions/cweijan.vscode-mysql-client2-4.1.2/out/extension
[2021-09-07 19:52:04.395] [exthost] [info] ExtensionService#_doActivateExtension ecmel.vscode-html-css {"startup":true,"extensionId":{"value":"ecmel.vscode-html-css","_lower":"ecmel.vscode-html-css"},"activationEvent":"*"}
[2021-09-07 19:52:04.396] [exthost] [info] ExtensionService#loadCommonJSModule file:///home/gsr/.vscode/extensions/ecmel.vscode-html-css-1.10.2/dist/extension.js
[2021-09-07 19:52:04.421] [exthost] [info] ExtensionService#_doActivateExtension formulahendry.auto-close-tag {"startup":true,"extensionId":{"value":"formulahendry.auto-close-tag","_lower":"formulahendry.auto-close-tag"},"activationEvent":"*"}
[2021-09-07 19:52:04.422] [exthost] [info] ExtensionService#loadCommonJSModule file:///home/gsr/.vscode/extensions/formulahendry.auto-close-tag-0.5.12/out/src/extension
[2021-09-07 19:52:04.425] [exthost] [info] ExtensionService#_doActivateExtension formulahendry.auto-rename-tag {"startup":true,"extensionId":{"value":"formulahendry.auto-rename-tag","_lower":"formulahendry.auto-rename-tag"},"activationEvent":"*"}
[2021-09-07 19:52:04.425] [exthost] [info] ExtensionService#loadCommonJSModule file:///home/gsr/.vscode/extensions/formulahendry.auto-rename-tag-0.1.8/packages/extension/dist/extensionMain.js
[2021-09-07 19:52:04.448] [exthost] [info] ExtensionService#_doActivateExtension herrmannplatz.npm-dependency-links {"startup":true,"extensionId":{"value":"herrmannplatz.npm-dependency-links","_lower":"herrmannplatz.npm-dependency-links"},"activationEvent":"*"}
[2021-09-07 19:52:04.448] [exthost] [info] ExtensionService#loadCommonJSModule file:///home/gsr/.vscode/extensions/herrmannplatz.npm-dependency-links-1.2.0/extension
[2021-09-07 19:52:04.457] [exthost] [info] ExtensionService#_doActivateExtension tombonnike.vscode-status-bar-format-toggle {"startup":true,"extensionId":{"value":"tombonnike.vscode-status-bar-format-toggle","_lower":"tombonnike.vscode-status-bar-format-toggle"},"activationEvent":"*"}
[2021-09-07 19:52:04.457] [exthost] [info] ExtensionService#loadCommonJSModule file:///home/gsr/.vscode/extensions/tombonnike.vscode-status-bar-format-toggle-2.0.0/out/extension
[2021-09-07 19:52:04.477] [exthost] [info] ExtensionService#_doActivateExtension vscodevim.vim {"startup":true,"extensionId":{"value":"vscodevim.vim","_lower":"vscodevim.vim"},"activationEvent":"*"}
[2021-09-07 19:52:04.477] [exthost] [info] ExtensionService#loadCommonJSModule file:///home/gsr/.vscode/extensions/vscodevim.vim-1.21.7/out/extension
[2021-09-07 19:52:04.996] [exthost] [info] ExtensionService#_doActivateExtension iakimov.check-npm-updates {"startup":true,"extensionId":{"value":"iakimov.check-npm-updates","_lower":"iakimov.check-npm-updates"},"activationEvent":"workspaceContains:**/package.json"}
[2021-09-07 19:52:04.996] [exthost] [info] ExtensionService#loadCommonJSModule file:///home/gsr/.vscode/extensions/iakimov.check-npm-updates-1.7.7/out/extension
[2021-09-07 19:52:05.093] [exthost] [info] ExtensionService#_doActivateExtension lukaserat.npm-scripts {"startup":true,"extensionId":{"value":"lukaserat.npm-scripts","_lower":"lukaserat.npm-scripts"},"activationEvent":"workspaceContains:**/package.json"}
[2021-09-07 19:52:05.093] [exthost] [info] ExtensionService#loadCommonJSModule file:///home/gsr/.vscode/extensions/lukaserat.npm-scripts-1.0.0/out/extension
[2021-09-07 19:52:05.125] [exthost] [info] ExtensionService#_doActivateExtension vscode.github {"startup":true,"extensionId":{"value":"vscode.github","_lower":"vscode.github"},"activationEvent":"*"}
[2021-09-07 19:52:05.125] [exthost] [info] ExtensionService#loadCommonJSModule file:///snap/code/73/usr/share/code/resources/app/extensions/github/dist/extension.js
[2021-09-07 19:52:05.236] [exthost] [error] Activating extension lukaserat.npm-scripts failed due to an error:
[2021-09-07 19:52:05.237] [exthost] [error] Error: ENOENT: no such file or directory, open '/home/gsr/package.json'
    at Object.openSync (fs.js:476:3)
    at Object.func [as openSync] (electron/js2c/asar_bundle.js:5:1846)
    at Object.readFileSync (fs.js:377:35)
    at Object.e.readFileSync (electron/js2c/asar_bundle.js:5:8872)
    at NpmScripts.read (/home/gsr/.vscode/extensions/lukaserat.npm-scripts-1.0.0/out/extension.js:85:41)
    at activate (/home/gsr/.vscode/extensions/lukaserat.npm-scripts-1.0.0/out/extension.js:20:19)
    at Function._callActivateOptional (/snap/code/73/usr/share/code/resources/app/out/vs/workbench/services/extensions/node/extensionHostProcess.js:99:14900)
    at Function._callActivate (/snap/code/73/usr/share/code/resources/app/out/vs/workbench/services/extensions/node/extensionHostProcess.js:99:14576)
    at /snap/code/73/usr/share/code/resources/app/out/vs/workbench/services/extensions/node/extensionHostProcess.js:99:12779
    at processTicksAndRejections (internal/process/task_queues.js:93:5)
    at async Promise.all (index 0)
    at async Promise.all (index 107)
    at async Promise.all (index 1)
[2021-09-07 19:52:05.238] [exthost] [info] eager extensions activated
[2021-09-07 19:52:05.294] [exthost] [info] ExtensionService#_doActivateExtension ms-vscode.js-debug {"startup":false,"extensionId":{"value":"ms-vscode.js-debug","_lower":"ms-vscode.js-debug"},"activationEvent":"onCommand:extension.js-debug.clearAutoAttachVariables"}
[2021-09-07 19:52:05.294] [exthost] [info] ExtensionService#loadCommonJSModule file:///snap/code/73/usr/share/code/resources/app/extensions/ms-vscode.js-debug/src/extension.js
[2021-09-07 19:52:05.466] [exthost] [info] ExtensionService#_doActivateExtension vscode.emmet {"startup":false,"extensionId":{"value":"vscode.emmet","_lower":"vscode.emmet"},"activationEvent":"onStartupFinished"}
[2021-09-07 19:52:05.466] [exthost] [info] ExtensionService#loadCommonJSModule file:///snap/code/73/usr/share/code/resources/app/extensions/emmet/dist/node/emmetNodeMain
[2021-09-07 19:52:05.482] [exthost] [info] ExtensionService#_doActivateExtension vscode.merge-conflict {"startup":false,"extensionId":{"value":"vscode.merge-conflict","_lower":"vscode.merge-conflict"},"activationEvent":"onStartupFinished"}
[2021-09-07 19:52:05.482] [exthost] [info] ExtensionService#loadCommonJSModule file:///snap/code/73/usr/share/code/resources/app/extensions/merge-conflict/dist/mergeConflictMain
[2021-09-07 19:52:05.485] [exthost] [info] ExtensionService#_doActivateExtension dbaeumer.vscode-eslint {"startup":false,"extensionId":{"value":"dbaeumer.vscode-eslint","_lower":"dbaeumer.vscode-eslint"},"activationEvent":"onStartupFinished"}
[2021-09-07 19:52:05.485] [exthost] [info] ExtensionService#loadCommonJSModule file:///home/gsr/.vscode/extensions/dbaeumer.vscode-eslint-2.1.23/client/out/extension
[2021-09-07 19:52:05.524] [exthost] [info] ExtensionService#_doActivateExtension esbenp.prettier-vscode {"startup":false,"extensionId":{"value":"esbenp.prettier-vscode","_lower":"esbenp.prettier-vscode"},"activationEvent":"onStartupFinished"}
[2021-09-07 19:52:05.524] [exthost] [info] ExtensionService#loadCommonJSModule file:///home/gsr/.vscode/extensions/esbenp.prettier-vscode-8.1.0/dist/extension
[2021-09-07 19:52:08.307] [exthost] [info] ExtensionService#_doActivateExtension vscode.github-authentication {"startup":false,"extensionId":{"value":"vscode.github-authentication","_lower":"vscode.github-authentication"},"activationEvent":"onAuthenticationRequest:github"}
[2021-09-07 19:52:08.307] [exthost] [info] ExtensionService#loadCommonJSModule file:///snap/code/73/usr/share/code/resources/app/extensions/github-authentication/dist/extension.js
[2021-09-07 19:52:10.693] [exthost] [warning] [Decorations] CAPPING events from decorations provider vscode.git 5000
[2021-09-07 19:52:42.379] [exthost] [info] ExtensionService#_doActivateExtension vscode.configuration-editing {"startup":false,"extensionId":{"value":"vscode.configuration-editing","_lower":"vscode.configuration-editing"},"activationEvent":"onLanguage:jsonc"}
[2021-09-07 19:52:42.379] [exthost] [info] ExtensionService#loadCommonJSModule file:///snap/code/73/usr/share/code/resources/app/extensions/configuration-editing/dist/configurationEditingMain
[2021-09-07 19:52:42.389] [exthost] [info] ExtensionService#_doActivateExtension vscode.json-language-features {"startup":false,"extensionId":{"value":"vscode.json-language-features","_lower":"vscode.json-language-features"},"activationEvent":"onLanguage:jsonc"}
[2021-09-07 19:52:42.389] [exthost] [info] ExtensionService#loadCommonJSModule file:///snap/code/73/usr/share/code/resources/app/extensions/json-language-features/client/dist/node/jsonClientMain
[2021-09-07 19:52:42.418] [exthost] [info] ExtensionService#_doActivateExtension vscode.typescript-language-features {"startup":false,"extensionId":{"value":"vscode.typescript-language-features","_lower":"vscode.typescript-language-features"},"activationEvent":"onLanguage:jsonc"}
[2021-09-07 19:52:42.418] [exthost] [info] ExtensionService#loadCommonJSModule file:///snap/code/73/usr/share/code/resources/app/extensions/typescript-language-features/dist/extension
[2021-09-07 19:52:42.879] [exthost] [info] extension host terminating: renderer closed the socket
[2021-09-07 19:52:43.397] [exthost] [info] extension host started
[2021-09-07 19:52:43.397] [exthost] [info] Skipping acquiring lock for /home/gsr/.config/Code/User/workspaceStorage/9965ad4779968d672861e62d9915ed6a.
[2021-09-07 19:52:43.461] [exthost] [info] ExtensionService#_doActivateExtension vscode.php-language-features {"startup":false,"extensionId":{"value":"vscode.php-language-features","_lower":"vscode.php-language-features"},"activationEvent":"onLanguage:php"}
[2021-09-07 19:52:43.461] [exthost] [info] ExtensionService#loadCommonJSModule file:///snap/code/73/usr/share/code/resources/app/extensions/php-language-features/dist/phpMain
[2021-09-07 19:52:43.471] [exthost] [info] ExtensionService#_doActivateExtension formulahendry.vscode-mysql {"startup":false,"extensionId":{"value":"formulahendry.vscode-mysql","_lower":"formulahendry.vscode-mysql"},"activationEvent":"onView:mysql"}
[2021-09-07 19:52:43.471] [exthost] [info] ExtensionService#loadCommonJSModule file:///home/gsr/.vscode/extensions/formulahendry.vscode-mysql-0.4.1/out/extension
[2021-09-07 19:52:43.524] [exthost] [info] ExtensionService#_doActivateExtension vscode.microsoft-authentication {"startup":false,"extensionId":{"value":"vscode.microsoft-authentication","_lower":"vscode.microsoft-authentication"},"activationEvent":"onAuthenticationRequest:microsoft"}
[2021-09-07 19:52:43.524] [exthost] [info] ExtensionService#loadCommonJSModule file:///snap/code/73/usr/share/code/resources/app/extensions/microsoft-authentication/dist/extension.js
[2021-09-07 19:52:43.534] [exthost] [info] ExtensionService#_doActivateExtension ms-vscode.js-debug {"startup":false,"extensionId":{"value":"ms-vscode.js-debug","_lower":"ms-vscode.js-debug"},"activationEvent":"onCommand:extension.js-debug.clearAutoAttachVariables"}
[2021-09-07 19:52:43.535] [exthost] [info] ExtensionService#loadCommonJSModule file:///snap/code/73/usr/share/code/resources/app/extensions/ms-vscode.js-debug/src/extension.js
[2021-09-07 19:52:43.642] [exthost] [info] ExtensionService#_doActivateExtension vscode.debug-auto-launch {"startup":false,"extensionId":{"value":"vscode.debug-auto-launch","_lower":"vscode.debug-auto-launch"},"activationEvent":"*"}
[2021-09-07 19:52:43.642] [exthost] [info] ExtensionService#loadCommonJSModule file:///snap/code/73/usr/share/code/resources/app/extensions/debug-auto-launch/dist/extension
[2021-09-07 19:52:43.644] [exthost] [info] ExtensionService#_doActivateExtension vscode.git {"startup":false,"extensionId":{"value":"vscode.github","_lower":"vscode.github"},"activationEvent":"*"}
[2021-09-07 19:52:43.644] [exthost] [info] ExtensionService#loadCommonJSModule file:///snap/code/73/usr/share/code/resources/app/extensions/git/dist/main
[2021-09-07 19:52:43.661] [exthost] [info] ExtensionService#_doActivateExtension cweijan.vscode-mysql-client2 {"startup":false,"extensionId":{"value":"cweijan.vscode-mysql-client2","_lower":"cweijan.vscode-mysql-client2"},"activationEvent":"*"}
[2021-09-07 19:52:43.661] [exthost] [info] ExtensionService#loadCommonJSModule file:///home/gsr/.vscode/extensions/cweijan.vscode-mysql-client2-4.1.2/out/extension
[2021-09-07 19:52:43.855] [exthost] [info] ExtensionService#_doActivateExtension ecmel.vscode-html-css {"startup":false,"extensionId":{"value":"ecmel.vscode-html-css","_lower":"ecmel.vscode-html-css"},"activationEvent":"*"}
[2021-09-07 19:52:43.855] [exthost] [info] ExtensionService#loadCommonJSModule file:///home/gsr/.vscode/extensions/ecmel.vscode-html-css-1.10.2/dist/extension.js
[2021-09-07 19:52:43.873] [exthost] [info] ExtensionService#_doActivateExtension formulahendry.auto-close-tag {"startup":false,"extensionId":{"value":"formulahendry.auto-close-tag","_lower":"formulahendry.auto-close-tag"},"activationEvent":"*"}
[2021-09-07 19:52:43.873] [exthost] [info] ExtensionService#loadCommonJSModule file:///home/gsr/.vscode/extensions/formulahendry.auto-close-tag-0.5.12/out/src/extension
[2021-09-07 19:52:43.875] [exthost] [info] ExtensionService#_doActivateExtension formulahendry.auto-rename-tag {"startup":false,"extensionId":{"value":"formulahendry.auto-rename-tag","_lower":"formulahendry.auto-rename-tag"},"activationEvent":"*"}
[2021-09-07 19:52:43.875] [exthost] [info] ExtensionService#loadCommonJSModule file:///home/gsr/.vscode/extensions/formulahendry.auto-rename-tag-0.1.8/packages/extension/dist/extensionMain.js
[2021-09-07 19:52:43.881] [exthost] [info] ExtensionService#_doActivateExtension herrmannplatz.npm-dependency-links {"startup":false,"extensionId":{"value":"herrmannplatz.npm-dependency-links","_lower":"herrmannplatz.npm-dependency-links"},"activationEvent":"*"}
[2021-09-07 19:52:43.881] [exthost] [info] ExtensionService#loadCommonJSModule file:///home/gsr/.vscode/extensions/herrmannplatz.npm-dependency-links-1.2.0/extension
[2021-09-07 19:52:43.882] [exthost] [info] ExtensionService#_doActivateExtension tombonnike.vscode-status-bar-format-toggle {"startup":false,"extensionId":{"value":"tombonnike.vscode-status-bar-format-toggle","_lower":"tombonnike.vscode-status-bar-format-toggle"},"activationEvent":"*"}
[2021-09-07 19:52:43.882] [exthost] [info] ExtensionService#loadCommonJSModule file:///home/gsr/.vscode/extensions/tombonnike.vscode-status-bar-format-toggle-2.0.0/out/extension
[2021-09-07 19:52:43.886] [exthost] [info] ExtensionService#_doActivateExtension vscodevim.vim {"startup":false,"extensionId":{"value":"vscodevim.vim","_lower":"vscodevim.vim"},"activationEvent":"*"}
[2021-09-07 19:52:43.886] [exthost] [info] ExtensionService#loadCommonJSModule file:///home/gsr/.vscode/extensions/vscodevim.vim-1.21.7/out/extension
[2021-09-07 19:52:43.894] [exthost] [info] exiting with code 0
[2021-09-07 19:52:43.924] [exthost] [info] ExtensionService#_doActivateExtension vscode.github-authentication {"startup":false,"extensionId":{"value":"vscode.github-authentication","_lower":"vscode.github-authentication"},"activationEvent":"onAuthenticationRequest:github"}
[2021-09-07 19:52:43.924] [exthost] [info] ExtensionService#loadCommonJSModule file:///snap/code/73/usr/share/code/resources/app/extensions/github-authentication/dist/extension.js
[2021-09-07 19:52:43.932] [exthost] [info] ExtensionService#_doActivateExtension vscode.configuration-editing {"startup":false,"extensionId":{"value":"vscode.configuration-editing","_lower":"vscode.configuration-editing"},"activationEvent":"onLanguage:jsonc"}
[2021-09-07 19:52:43.932] [exthost] [info] ExtensionService#loadCommonJSModule file:///snap/code/73/usr/share/code/resources/app/extensions/configuration-editing/dist/configurationEditingMain
[2021-09-07 19:52:43.934] [exthost] [info] ExtensionService#_doActivateExtension vscode.json-language-features {"startup":false,"extensionId":{"value":"vscode.json-language-features","_lower":"vscode.json-language-features"},"activationEvent":"onLanguage:jsonc"}
[2021-09-07 19:52:43.935] [exthost] [info] ExtensionService#loadCommonJSModule file:///snap/code/73/usr/share/code/resources/app/extensions/json-language-features/client/dist/node/jsonClientMain
[2021-09-07 19:52:43.954] [exthost] [info] ExtensionService#_doActivateExtension vscode.typescript-language-features {"startup":false,"extensionId":{"value":"vscode.typescript-language-features","_lower":"vscode.typescript-language-features"},"activationEvent":"onLanguage:jsonc"}
[2021-09-07 19:52:43.954] [exthost] [info] ExtensionService#loadCommonJSModule file:///snap/code/73/usr/share/code/resources/app/extensions/typescript-language-features/dist/extension
[2021-09-07 19:52:44.081] [exthost] [info] ExtensionService#_doActivateExtension iakimov.check-npm-updates {"startup":true,"extensionId":{"value":"iakimov.check-npm-updates","_lower":"iakimov.check-npm-updates"},"activationEvent":"workspaceContains:**/package.json"}
[2021-09-07 19:52:44.081] [exthost] [info] ExtensionService#loadCommonJSModule file:///home/gsr/.vscode/extensions/iakimov.check-npm-updates-1.7.7/out/extension
[2021-09-07 19:52:44.117] [exthost] [info] ExtensionService#_doActivateExtension lukaserat.npm-scripts {"startup":true,"extensionId":{"value":"lukaserat.npm-scripts","_lower":"lukaserat.npm-scripts"},"activationEvent":"workspaceContains:**/package.json"}
[2021-09-07 19:52:44.117] [exthost] [info] ExtensionService#loadCommonJSModule file:///home/gsr/.vscode/extensions/lukaserat.npm-scripts-1.0.0/out/extension
[2021-09-07 19:52:44.234] [exthost] [error] Activating extension lukaserat.npm-scripts failed due to an error:
[2021-09-07 19:52:44.234] [exthost] [error] Error: ENOENT: no such file or directory, open '/home/gsr/package.json'
    at Object.openSync (fs.js:476:3)
    at Object.func [as openSync] (electron/js2c/asar_bundle.js:5:1846)
    at Object.readFileSync (fs.js:377:35)
    at Object.e.readFileSync (electron/js2c/asar_bundle.js:5:8872)
    at NpmScripts.read (/home/gsr/.vscode/extensions/lukaserat.npm-scripts-1.0.0/out/extension.js:85:41)
    at activate (/home/gsr/.vscode/extensions/lukaserat.npm-scripts-1.0.0/out/extension.js:20:19)
    at Function._callActivateOptional (/snap/code/73/usr/share/code/resources/app/out/vs/workbench/services/extensions/node/extensionHostProcess.js:99:14900)
    at Function._callActivate (/snap/code/73/usr/share/code/resources/app/out/vs/workbench/services/extensions/node/extensionHostProcess.js:99:14576)
    at /snap/code/73/usr/share/code/resources/app/out/vs/workbench/services/extensions/node/extensionHostProcess.js:99:12779
    at processTicksAndRejections (internal/process/task_queues.js:93:5)
    at async Promise.all (index 0)
    at async Promise.all (index 107)
    at async Promise.all (index 1)
[2021-09-07 19:52:44.582] [exthost] [info] ExtensionService#_doActivateExtension vscode.github {"startup":false,"extensionId":{"value":"vscode.github","_lower":"vscode.github"},"activationEvent":"*"}
[2021-09-07 19:52:44.582] [exthost] [info] ExtensionService#loadCommonJSModule file:///snap/code/73/usr/share/code/resources/app/extensions/github/dist/extension.js
[2021-09-07 19:52:45.829] [exthost] [info] eager extensions activated
[2021-09-07 19:52:47.014] [exthost] [info] ExtensionService#_doActivateExtension vscode.emmet {"startup":false,"extensionId":{"value":"vscode.emmet","_lower":"vscode.emmet"},"activationEvent":"onStartupFinished"}
[2021-09-07 19:52:47.014] [exthost] [info] ExtensionService#loadCommonJSModule file:///snap/code/73/usr/share/code/resources/app/extensions/emmet/dist/node/emmetNodeMain
[2021-09-07 19:52:47.020] [exthost] [info] ExtensionService#_doActivateExtension vscode.merge-conflict {"startup":false,"extensionId":{"value":"vscode.merge-conflict","_lower":"vscode.merge-conflict"},"activationEvent":"onStartupFinished"}
[2021-09-07 19:52:47.020] [exthost] [info] ExtensionService#loadCommonJSModule file:///snap/code/73/usr/share/code/resources/app/extensions/merge-conflict/dist/mergeConflictMain
[2021-09-07 19:52:47.021] [exthost] [info] ExtensionService#_doActivateExtension dbaeumer.vscode-eslint {"startup":false,"extensionId":{"value":"dbaeumer.vscode-eslint","_lower":"dbaeumer.vscode-eslint"},"activationEvent":"onStartupFinished"}
[2021-09-07 19:52:47.021] [exthost] [info] ExtensionService#loadCommonJSModule file:///home/gsr/.vscode/extensions/dbaeumer.vscode-eslint-2.1.23/client/out/extension
[2021-09-07 19:52:47.028] [exthost] [info] ExtensionService#_doActivateExtension esbenp.prettier-vscode {"startup":false,"extensionId":{"value":"esbenp.prettier-vscode","_lower":"esbenp.prettier-vscode"},"activationEvent":"onStartupFinished"}
[2021-09-07 19:52:47.028] [exthost] [info] ExtensionService#loadCommonJSModule file:///home/gsr/.vscode/extensions/esbenp.prettier-vscode-8.1.0/dist/extension
[2021-09-07 19:52:49.059] [exthost] [warning] [Decorations] CAPPING events from decorations provider vscode.git 5000
[2021-09-07 19:56:08.345] [exthost] [info] extension host terminating: renderer closed the socket
[2021-09-07 19:56:09.361] [exthost] [info] exiting with code 0
