[Error - 21:17:51] Failed to load jshint library
(node:19153) UnhandledPromiseRejectionWarning: Error: Failed to load jshint library. Please install jshint in your workspace folder using 'npm install jshint' or globally using 'npm install -g jshint' and then reload.
    at Linter.<anonymous> (/home/gsr/.vscode/extensions/dbaeumer.jshint-0.11.0/jshint-server/out/server.js:336:23)
    at Generator.throw (<anonymous>)
    at rejected (/home/gsr/.vscode/extensions/dbaeumer.jshint-0.11.0/jshint-server/out/server.js:9:65)
    at processTicksAndRejections (internal/process/task_queues.js:93:5)
(Use `code --trace-warnings ...` to show where the warning was created)
(node:19153) UnhandledPromiseRejectionWarning: Unhandled promise rejection. This error originated either by throwing inside of an async function without a catch block, or by rejecting a promise which was not handled with .catch(). To terminate the node process on unhandled promise rejection, use the CLI flag `--unhandled-rejections=strict` (see https://nodejs.org/api/cli.html#cli_unhandled_rejections_mode). (rejection id: 1)
(node:19153) [DEP0018] DeprecationWarning: Unhandled promise rejections are deprecated. In the future, promise rejections that are not handled will terminate the Node.js process with a non-zero exit code.
[Error - 21:18:29] Failed to load jshint library
(node:19153) UnhandledPromiseRejectionWarning: Error: Failed to load jshint library. Please install jshint in your workspace folder using 'npm install jshint' or globally using 'npm install -g jshint' and then reload.
    at Linter.<anonymous> (/home/gsr/.vscode/extensions/dbaeumer.jshint-0.11.0/jshint-server/out/server.js:336:23)
    at Generator.throw (<anonymous>)
    at rejected (/home/gsr/.vscode/extensions/dbaeumer.jshint-0.11.0/jshint-server/out/server.js:9:65)
    at processTicksAndRejections (internal/process/task_queues.js:93:5)
(node:19153) UnhandledPromiseRejectionWarning: Unhandled promise rejection. This error originated either by throwing inside of an async function without a catch block, or by rejecting a promise which was not handled with .catch(). To terminate the node process on unhandled promise rejection, use the CLI flag `--unhandled-rejections=strict` (see https://nodejs.org/api/cli.html#cli_unhandled_rejections_mode). (rejection id: 2)
[Error - 21:18:49] Failed to load jshint library
(node:19153) UnhandledPromiseRejectionWarning: Error: Failed to load jshint library. Please install jshint in your workspace folder using 'npm install jshint' or globally using 'npm install -g jshint' and then reload.
    at Linter.<anonymous> (/home/gsr/.vscode/extensions/dbaeumer.jshint-0.11.0/jshint-server/out/server.js:336:23)
    at Generator.throw (<anonymous>)
    at rejected (/home/gsr/.vscode/extensions/dbaeumer.jshint-0.11.0/jshint-server/out/server.js:9:65)
    at processTicksAndRejections (internal/process/task_queues.js:93:5)
(node:19153) UnhandledPromiseRejectionWarning: Unhandled promise rejection. This error originated either by throwing inside of an async function without a catch block, or by rejecting a promise which was not handled with .catch(). To terminate the node process on unhandled promise rejection, use the CLI flag `--unhandled-rejections=strict` (see https://nodejs.org/api/cli.html#cli_unhandled_rejections_mode). (rejection id: 3)
(node:19153) UnhandledPromiseRejectionWarning: Error: Failed to load jshint library. Please install jshint in your workspace folder using 'npm install jshint' or globally using 'npm install -g jshint' and then reload.
    at Linter.<anonymous> (/home/gsr/.vscode/extensions/dbaeumer.jshint-0.11.0/jshint-server/out/server.js:336:23)
    at Generator.throw (<anonymous>)
    at rejected (/home/gsr/.vscode/extensions/dbaeumer.jshint-0.11.0/jshint-server/out/server.js:9:65)
    at processTicksAndRejections (internal/process/task_queues.js:93:5)
(node:19153) UnhandledPromiseRejectionWarning: Unhandled promise rejection. This error originated either by throwing inside of an async function without a catch block, or by rejecting a promise which was not handled with .catch(). To terminate the node process on unhandled promise rejection, use the CLI flag `--unhandled-rejections=strict` (see https://nodejs.org/api/cli.html#cli_unhandled_rejections_mode). (rejection id: 4)
[Error - 21:19:15] Failed to load jshint library
[Error - 21:19:50] Failed to load jshint library
(node:19153) UnhandledPromiseRejectionWarning: Error: Failed to load jshint library. Please install jshint in your workspace folder using 'npm install jshint' or globally using 'npm install -g jshint' and then reload.
    at Linter.<anonymous> (/home/gsr/.vscode/extensions/dbaeumer.jshint-0.11.0/jshint-server/out/server.js:336:23)
    at Generator.throw (<anonymous>)
    at rejected (/home/gsr/.vscode/extensions/dbaeumer.jshint-0.11.0/jshint-server/out/server.js:9:65)
    at processTicksAndRejections (internal/process/task_queues.js:93:5)
(node:19153) UnhandledPromiseRejectionWarning: Unhandled promise rejection. This error originated either by throwing inside of an async function without a catch block, or by rejecting a promise which was not handled with .catch(). To terminate the node process on unhandled promise rejection, use the CLI flag `--unhandled-rejections=strict` (see https://nodejs.org/api/cli.html#cli_unhandled_rejections_mode). (rejection id: 5)
[Error - 21:20:33] Failed to load jshint library
(node:19153) UnhandledPromiseRejectionWarning: Error: Failed to load jshint library. Please install jshint in your workspace folder using 'npm install jshint' or globally using 'npm install -g jshint' and then reload.
    at Linter.<anonymous> (/home/gsr/.vscode/extensions/dbaeumer.jshint-0.11.0/jshint-server/out/server.js:336:23)
    at Generator.throw (<anonymous>)
    at rejected (/home/gsr/.vscode/extensions/dbaeumer.jshint-0.11.0/jshint-server/out/server.js:9:65)
    at processTicksAndRejections (internal/process/task_queues.js:93:5)
(node:19153) UnhandledPromiseRejectionWarning: Unhandled promise rejection. This error originated either by throwing inside of an async function without a catch block, or by rejecting a promise which was not handled with .catch(). To terminate the node process on unhandled promise rejection, use the CLI flag `--unhandled-rejections=strict` (see https://nodejs.org/api/cli.html#cli_unhandled_rejections_mode). (rejection id: 6)
[Error - 21:20:58] Failed to load jshint library
(node:19153) UnhandledPromiseRejectionWarning: Error: Failed to load jshint library. Please install jshint in your workspace folder using 'npm install jshint' or globally using 'npm install -g jshint' and then reload.
    at Linter.<anonymous> (/home/gsr/.vscode/extensions/dbaeumer.jshint-0.11.0/jshint-server/out/server.js:336:23)
    at Generator.throw (<anonymous>)
    at rejected (/home/gsr/.vscode/extensions/dbaeumer.jshint-0.11.0/jshint-server/out/server.js:9:65)
    at processTicksAndRejections (internal/process/task_queues.js:93:5)
(node:19153) UnhandledPromiseRejectionWarning: Unhandled promise rejection. This error originated either by throwing inside of an async function without a catch block, or by rejecting a promise which was not handled with .catch(). To terminate the node process on unhandled promise rejection, use the CLI flag `--unhandled-rejections=strict` (see https://nodejs.org/api/cli.html#cli_unhandled_rejections_mode). (rejection id: 7)
[Error - 21:22:12] Failed to load jshint library
(node:19153) UnhandledPromiseRejectionWarning: Error: Failed to load jshint library. Please install jshint in your workspace folder using 'npm install jshint' or globally using 'npm install -g jshint' and then reload.
    at Linter.<anonymous> (/home/gsr/.vscode/extensions/dbaeumer.jshint-0.11.0/jshint-server/out/server.js:336:23)
    at Generator.throw (<anonymous>)
    at rejected (/home/gsr/.vscode/extensions/dbaeumer.jshint-0.11.0/jshint-server/out/server.js:9:65)
    at processTicksAndRejections (internal/process/task_queues.js:93:5)
(node:19153) UnhandledPromiseRejectionWarning: Unhandled promise rejection. This error originated either by throwing inside of an async function without a catch block, or by rejecting a promise which was not handled with .catch(). To terminate the node process on unhandled promise rejection, use the CLI flag `--unhandled-rejections=strict` (see https://nodejs.org/api/cli.html#cli_unhandled_rejections_mode). (rejection id: 8)
[Error - 21:22:43] Failed to load jshint library
(node:19153) UnhandledPromiseRejectionWarning: Error: Failed to load jshint library. Please install jshint in your workspace folder using 'npm install jshint' or globally using 'npm install -g jshint' and then reload.
    at Linter.<anonymous> (/home/gsr/.vscode/extensions/dbaeumer.jshint-0.11.0/jshint-server/out/server.js:336:23)
    at Generator.throw (<anonymous>)
    at rejected (/home/gsr/.vscode/extensions/dbaeumer.jshint-0.11.0/jshint-server/out/server.js:9:65)
    at processTicksAndRejections (internal/process/task_queues.js:93:5)
(node:19153) UnhandledPromiseRejectionWarning: Unhandled promise rejection. This error originated either by throwing inside of an async function without a catch block, or by rejecting a promise which was not handled with .catch(). To terminate the node process on unhandled promise rejection, use the CLI flag `--unhandled-rejections=strict` (see https://nodejs.org/api/cli.html#cli_unhandled_rejections_mode). (rejection id: 9)
[Error - 21:22:49] Failed to load jshint library
(node:19153) UnhandledPromiseRejectionWarning: Error: Failed to load jshint library. Please install jshint in your workspace folder using 'npm install jshint' or globally using 'npm install -g jshint' and then reload.
    at Linter.<anonymous> (/home/gsr/.vscode/extensions/dbaeumer.jshint-0.11.0/jshint-server/out/server.js:336:23)
    at Generator.throw (<anonymous>)
    at rejected (/home/gsr/.vscode/extensions/dbaeumer.jshint-0.11.0/jshint-server/out/server.js:9:65)
    at processTicksAndRejections (internal/process/task_queues.js:93:5)
(node:19153) UnhandledPromiseRejectionWarning: Unhandled promise rejection. This error originated either by throwing inside of an async function without a catch block, or by rejecting a promise which was not handled with .catch(). To terminate the node process on unhandled promise rejection, use the CLI flag `--unhandled-rejections=strict` (see https://nodejs.org/api/cli.html#cli_unhandled_rejections_mode). (rejection id: 10)
[Error - 21:22:51] Failed to load jshint library
(node:19153) UnhandledPromiseRejectionWarning: Error: Failed to load jshint library. Please install jshint in your workspace folder using 'npm install jshint' or globally using 'npm install -g jshint' and then reload.
    at Linter.<anonymous> (/home/gsr/.vscode/extensions/dbaeumer.jshint-0.11.0/jshint-server/out/server.js:336:23)
    at Generator.throw (<anonymous>)
    at rejected (/home/gsr/.vscode/extensions/dbaeumer.jshint-0.11.0/jshint-server/out/server.js:9:65)
    at processTicksAndRejections (internal/process/task_queues.js:93:5)
(node:19153) UnhandledPromiseRejectionWarning: Unhandled promise rejection. This error originated either by throwing inside of an async function without a catch block, or by rejecting a promise which was not handled with .catch(). To terminate the node process on unhandled promise rejection, use the CLI flag `--unhandled-rejections=strict` (see https://nodejs.org/api/cli.html#cli_unhandled_rejections_mode). (rejection id: 11)
[Error - 21:22:55] Failed to load jshint library
(node:19153) UnhandledPromiseRejectionWarning: Error: Failed to load jshint library. Please install jshint in your workspace folder using 'npm install jshint' or globally using 'npm install -g jshint' and then reload.
    at Linter.<anonymous> (/home/gsr/.vscode/extensions/dbaeumer.jshint-0.11.0/jshint-server/out/server.js:336:23)
    at Generator.throw (<anonymous>)
    at rejected (/home/gsr/.vscode/extensions/dbaeumer.jshint-0.11.0/jshint-server/out/server.js:9:65)
    at processTicksAndRejections (internal/process/task_queues.js:93:5)
(node:19153) UnhandledPromiseRejectionWarning: Unhandled promise rejection. This error originated either by throwing inside of an async function without a catch block, or by rejecting a promise which was not handled with .catch(). To terminate the node process on unhandled promise rejection, use the CLI flag `--unhandled-rejections=strict` (see https://nodejs.org/api/cli.html#cli_unhandled_rejections_mode). (rejection id: 12)
[Error - 21:23:07] Failed to load jshint library
(node:19153) UnhandledPromiseRejectionWarning: Error: Failed to load jshint library. Please install jshint in your workspace folder using 'npm install jshint' or globally using 'npm install -g jshint' and then reload.
    at Linter.<anonymous> (/home/gsr/.vscode/extensions/dbaeumer.jshint-0.11.0/jshint-server/out/server.js:336:23)
    at Generator.throw (<anonymous>)
    at rejected (/home/gsr/.vscode/extensions/dbaeumer.jshint-0.11.0/jshint-server/out/server.js:9:65)
    at processTicksAndRejections (internal/process/task_queues.js:93:5)
(node:19153) UnhandledPromiseRejectionWarning: Unhandled promise rejection. This error originated either by throwing inside of an async function without a catch block, or by rejecting a promise which was not handled with .catch(). To terminate the node process on unhandled promise rejection, use the CLI flag `--unhandled-rejections=strict` (see https://nodejs.org/api/cli.html#cli_unhandled_rejections_mode). (rejection id: 13)
[Error - 21:23:09] Failed to load jshint library
(node:19153) UnhandledPromiseRejectionWarning: Error: Failed to load jshint library. Please install jshint in your workspace folder using 'npm install jshint' or globally using 'npm install -g jshint' and then reload.
    at Linter.<anonymous> (/home/gsr/.vscode/extensions/dbaeumer.jshint-0.11.0/jshint-server/out/server.js:336:23)
    at Generator.throw (<anonymous>)
    at rejected (/home/gsr/.vscode/extensions/dbaeumer.jshint-0.11.0/jshint-server/out/server.js:9:65)
    at processTicksAndRejections (internal/process/task_queues.js:93:5)
(node:19153) UnhandledPromiseRejectionWarning: Unhandled promise rejection. This error originated either by throwing inside of an async function without a catch block, or by rejecting a promise which was not handled with .catch(). To terminate the node process on unhandled promise rejection, use the CLI flag `--unhandled-rejections=strict` (see https://nodejs.org/api/cli.html#cli_unhandled_rejections_mode). (rejection id: 14)
[Error - 21:54:29] Failed to load jshint library
(node:19153) UnhandledPromiseRejectionWarning: Error: Failed to load jshint library. Please install jshint in your workspace folder using 'npm install jshint' or globally using 'npm install -g jshint' and then reload.
    at Linter.<anonymous> (/home/gsr/.vscode/extensions/dbaeumer.jshint-0.11.0/jshint-server/out/server.js:336:23)
    at Generator.throw (<anonymous>)
    at rejected (/home/gsr/.vscode/extensions/dbaeumer.jshint-0.11.0/jshint-server/out/server.js:9:65)
    at processTicksAndRejections (internal/process/task_queues.js:93:5)
(node:19153) UnhandledPromiseRejectionWarning: Unhandled promise rejection. This error originated either by throwing inside of an async function without a catch block, or by rejecting a promise which was not handled with .catch(). To terminate the node process on unhandled promise rejection, use the CLI flag `--unhandled-rejections=strict` (see https://nodejs.org/api/cli.html#cli_unhandled_rejections_mode). (rejection id: 15)
[Error - 22:09:59] Failed to load jshint library
(node:19153) UnhandledPromiseRejectionWarning: Error: Failed to load jshint library. Please install jshint in your workspace folder using 'npm install jshint' or globally using 'npm install -g jshint' and then reload.
    at Linter.<anonymous> (/home/gsr/.vscode/extensions/dbaeumer.jshint-0.11.0/jshint-server/out/server.js:336:23)
    at Generator.throw (<anonymous>)
    at rejected (/home/gsr/.vscode/extensions/dbaeumer.jshint-0.11.0/jshint-server/out/server.js:9:65)
    at processTicksAndRejections (internal/process/task_queues.js:93:5)
(node:19153) UnhandledPromiseRejectionWarning: Unhandled promise rejection. This error originated either by throwing inside of an async function without a catch block, or by rejecting a promise which was not handled with .catch(). To terminate the node process on unhandled promise rejection, use the CLI flag `--unhandled-rejections=strict` (see https://nodejs.org/api/cli.html#cli_unhandled_rejections_mode). (rejection id: 16)
