[2021-09-07 20:12:39.984] [exthost] [info] extension host started
[2021-09-07 20:12:40.037] [exthost] [info] ExtensionService#_doActivateExtension vscode.microsoft-authentication {"startup":false,"extensionId":{"value":"vscode.microsoft-authentication","_lower":"vscode.microsoft-authentication"},"activationEvent":"onAuthenticationRequest:microsoft"}
[2021-09-07 20:12:40.038] [exthost] [info] ExtensionService#loadCommonJSModule file:///snap/code/73/usr/share/code/resources/app/extensions/microsoft-authentication/dist/extension.js
[2021-09-07 20:12:40.053] [exthost] [info] ExtensionService#_doActivateExtension vscode.debug-auto-launch {"startup":true,"extensionId":{"value":"vscode.debug-auto-launch","_lower":"vscode.debug-auto-launch"},"activationEvent":"*"}
[2021-09-07 20:12:40.053] [exthost] [info] ExtensionService#loadCommonJSModule file:///snap/code/73/usr/share/code/resources/app/extensions/debug-auto-launch/dist/extension
[2021-09-07 20:12:40.055] [exthost] [info] ExtensionService#_doActivateExtension vscode.git {"startup":true,"extensionId":{"value":"vscode.github","_lower":"vscode.github"},"activationEvent":"*"}
[2021-09-07 20:12:40.055] [exthost] [info] ExtensionService#loadCommonJSModule file:///snap/code/73/usr/share/code/resources/app/extensions/git/dist/main
[2021-09-07 20:12:40.067] [exthost] [info] ExtensionService#_doActivateExtension cweijan.vscode-mysql-client2 {"startup":true,"extensionId":{"value":"cweijan.vscode-mysql-client2","_lower":"cweijan.vscode-mysql-client2"},"activationEvent":"*"}
[2021-09-07 20:12:40.067] [exthost] [info] ExtensionService#loadCommonJSModule file:///home/gsr/.vscode/extensions/cweijan.vscode-mysql-client2-4.1.4/out/extension
[2021-09-07 20:12:40.227] [exthost] [info] ExtensionService#_doActivateExtension ecmel.vscode-html-css {"startup":true,"extensionId":{"value":"ecmel.vscode-html-css","_lower":"ecmel.vscode-html-css"},"activationEvent":"*"}
[2021-09-07 20:12:40.227] [exthost] [info] ExtensionService#loadCommonJSModule file:///home/gsr/.vscode/extensions/ecmel.vscode-html-css-1.10.2/dist/extension.js
[2021-09-07 20:12:40.250] [exthost] [info] ExtensionService#_doActivateExtension formulahendry.auto-close-tag {"startup":true,"extensionId":{"value":"formulahendry.auto-close-tag","_lower":"formulahendry.auto-close-tag"},"activationEvent":"*"}
[2021-09-07 20:12:40.250] [exthost] [info] ExtensionService#loadCommonJSModule file:///home/gsr/.vscode/extensions/formulahendry.auto-close-tag-0.5.12/out/src/extension
[2021-09-07 20:12:40.258] [exthost] [info] ExtensionService#_doActivateExtension formulahendry.auto-rename-tag {"startup":true,"extensionId":{"value":"formulahendry.auto-rename-tag","_lower":"formulahendry.auto-rename-tag"},"activationEvent":"*"}
[2021-09-07 20:12:40.258] [exthost] [info] ExtensionService#loadCommonJSModule file:///home/gsr/.vscode/extensions/formulahendry.auto-rename-tag-0.1.8/packages/extension/dist/extensionMain.js
[2021-09-07 20:12:40.264] [exthost] [info] ExtensionService#_doActivateExtension herrmannplatz.npm-dependency-links {"startup":true,"extensionId":{"value":"herrmannplatz.npm-dependency-links","_lower":"herrmannplatz.npm-dependency-links"},"activationEvent":"*"}
[2021-09-07 20:12:40.264] [exthost] [info] ExtensionService#loadCommonJSModule file:///home/gsr/.vscode/extensions/herrmannplatz.npm-dependency-links-1.2.0/extension
[2021-09-07 20:12:40.265] [exthost] [info] ExtensionService#_doActivateExtension tombonnike.vscode-status-bar-format-toggle {"startup":true,"extensionId":{"value":"tombonnike.vscode-status-bar-format-toggle","_lower":"tombonnike.vscode-status-bar-format-toggle"},"activationEvent":"*"}
[2021-09-07 20:12:40.265] [exthost] [info] ExtensionService#loadCommonJSModule file:///home/gsr/.vscode/extensions/tombonnike.vscode-status-bar-format-toggle-2.0.0/out/extension
[2021-09-07 20:12:40.269] [exthost] [info] ExtensionService#_doActivateExtension vscodevim.vim {"startup":true,"extensionId":{"value":"vscodevim.vim","_lower":"vscodevim.vim"},"activationEvent":"*"}
[2021-09-07 20:12:40.269] [exthost] [info] ExtensionService#loadCommonJSModule file:///home/gsr/.vscode/extensions/vscodevim.vim-1.21.7/out/extension
[2021-09-07 20:12:40.509] [exthost] [info] ExtensionService#_doActivateExtension vscode.github {"startup":true,"extensionId":{"value":"vscode.github","_lower":"vscode.github"},"activationEvent":"*"}
[2021-09-07 20:12:40.510] [exthost] [info] ExtensionService#loadCommonJSModule file:///snap/code/73/usr/share/code/resources/app/extensions/github/dist/extension.js
[2021-09-07 20:12:40.537] [exthost] [info] ExtensionService#_doActivateExtension ms-vscode.js-debug {"startup":false,"extensionId":{"value":"ms-vscode.js-debug","_lower":"ms-vscode.js-debug"},"activationEvent":"onCommand:extension.js-debug.clearAutoAttachVariables"}
[2021-09-07 20:12:40.538] [exthost] [info] ExtensionService#loadCommonJSModule file:///snap/code/73/usr/share/code/resources/app/extensions/ms-vscode.js-debug/src/extension.js
[2021-09-07 20:12:40.639] [exthost] [info] eager extensions activated
[2021-09-07 20:12:40.642] [exthost] [info] ExtensionService#_doActivateExtension vscode.emmet {"startup":false,"extensionId":{"value":"vscode.emmet","_lower":"vscode.emmet"},"activationEvent":"onStartupFinished"}
[2021-09-07 20:12:40.642] [exthost] [info] ExtensionService#loadCommonJSModule file:///snap/code/73/usr/share/code/resources/app/extensions/emmet/dist/node/emmetNodeMain
[2021-09-07 20:12:40.650] [exthost] [info] ExtensionService#_doActivateExtension vscode.merge-conflict {"startup":false,"extensionId":{"value":"vscode.merge-conflict","_lower":"vscode.merge-conflict"},"activationEvent":"onStartupFinished"}
[2021-09-07 20:12:40.650] [exthost] [info] ExtensionService#loadCommonJSModule file:///snap/code/73/usr/share/code/resources/app/extensions/merge-conflict/dist/mergeConflictMain
[2021-09-07 20:12:40.652] [exthost] [info] ExtensionService#_doActivateExtension dbaeumer.vscode-eslint {"startup":false,"extensionId":{"value":"dbaeumer.vscode-eslint","_lower":"dbaeumer.vscode-eslint"},"activationEvent":"onStartupFinished"}
[2021-09-07 20:12:40.652] [exthost] [info] ExtensionService#loadCommonJSModule file:///home/gsr/.vscode/extensions/dbaeumer.vscode-eslint-2.1.23/client/out/extension
[2021-09-07 20:12:40.659] [exthost] [info] ExtensionService#_doActivateExtension esbenp.prettier-vscode {"startup":false,"extensionId":{"value":"esbenp.prettier-vscode","_lower":"esbenp.prettier-vscode"},"activationEvent":"onStartupFinished"}
[2021-09-07 20:12:40.659] [exthost] [info] ExtensionService#loadCommonJSModule file:///home/gsr/.vscode/extensions/esbenp.prettier-vscode-8.1.0/dist/extension
[2021-09-07 20:12:40.731] [exthost] [info] ExtensionService#_doActivateExtension vscode.github-authentication {"startup":false,"extensionId":{"value":"vscode.github-authentication","_lower":"vscode.github-authentication"},"activationEvent":"onAuthenticationRequest:github"}
[2021-09-07 20:12:40.731] [exthost] [info] ExtensionService#loadCommonJSModule file:///snap/code/73/usr/share/code/resources/app/extensions/github-authentication/dist/extension.js
[2021-09-07 20:13:02.379] [exthost] [info] extension host terminating: renderer closed the socket
[2021-09-07 20:13:02.766] [exthost] [info] extension host started
[2021-09-07 20:13:02.766] [exthost] [info] Skipping acquiring lock for /home/gsr/.config/Code/User/workspaceStorage/33517e34a2079dc6e55ba8159cd595ac.
[2021-09-07 20:13:02.808] [exthost] [info] ExtensionService#_doActivateExtension vscode.microsoft-authentication {"startup":false,"extensionId":{"value":"vscode.microsoft-authentication","_lower":"vscode.microsoft-authentication"},"activationEvent":"onAuthenticationRequest:microsoft"}
[2021-09-07 20:13:02.808] [exthost] [info] ExtensionService#loadCommonJSModule file:///snap/code/73/usr/share/code/resources/app/extensions/microsoft-authentication/dist/extension.js
[2021-09-07 20:13:02.815] [exthost] [info] ExtensionService#_doActivateExtension ms-vscode.js-debug {"startup":false,"extensionId":{"value":"ms-vscode.js-debug","_lower":"ms-vscode.js-debug"},"activationEvent":"onCommand:extension.js-debug.clearAutoAttachVariables"}
[2021-09-07 20:13:02.816] [exthost] [info] ExtensionService#loadCommonJSModule file:///snap/code/73/usr/share/code/resources/app/extensions/ms-vscode.js-debug/src/extension.js
[2021-09-07 20:13:02.914] [exthost] [info] ExtensionService#_doActivateExtension vscode.debug-auto-launch {"startup":false,"extensionId":{"value":"vscode.debug-auto-launch","_lower":"vscode.debug-auto-launch"},"activationEvent":"*"}
[2021-09-07 20:13:02.914] [exthost] [info] ExtensionService#loadCommonJSModule file:///snap/code/73/usr/share/code/resources/app/extensions/debug-auto-launch/dist/extension
[2021-09-07 20:13:02.915] [exthost] [info] ExtensionService#_doActivateExtension vscode.git {"startup":false,"extensionId":{"value":"vscode.github","_lower":"vscode.github"},"activationEvent":"*"}
[2021-09-07 20:13:02.915] [exthost] [info] ExtensionService#loadCommonJSModule file:///snap/code/73/usr/share/code/resources/app/extensions/git/dist/main
[2021-09-07 20:13:02.936] [exthost] [info] ExtensionService#_doActivateExtension cweijan.vscode-mysql-client2 {"startup":false,"extensionId":{"value":"cweijan.vscode-mysql-client2","_lower":"cweijan.vscode-mysql-client2"},"activationEvent":"*"}
[2021-09-07 20:13:02.936] [exthost] [info] ExtensionService#loadCommonJSModule file:///home/gsr/.vscode/extensions/cweijan.vscode-mysql-client2-4.1.4/out/extension
[2021-09-07 20:13:03.095] [exthost] [info] ExtensionService#_doActivateExtension ecmel.vscode-html-css {"startup":false,"extensionId":{"value":"ecmel.vscode-html-css","_lower":"ecmel.vscode-html-css"},"activationEvent":"*"}
[2021-09-07 20:13:03.095] [exthost] [info] ExtensionService#loadCommonJSModule file:///home/gsr/.vscode/extensions/ecmel.vscode-html-css-1.10.2/dist/extension.js
[2021-09-07 20:13:03.110] [exthost] [info] ExtensionService#_doActivateExtension formulahendry.auto-close-tag {"startup":false,"extensionId":{"value":"formulahendry.auto-close-tag","_lower":"formulahendry.auto-close-tag"},"activationEvent":"*"}
[2021-09-07 20:13:03.110] [exthost] [info] ExtensionService#loadCommonJSModule file:///home/gsr/.vscode/extensions/formulahendry.auto-close-tag-0.5.12/out/src/extension
[2021-09-07 20:13:03.111] [exthost] [info] ExtensionService#_doActivateExtension formulahendry.auto-rename-tag {"startup":false,"extensionId":{"value":"formulahendry.auto-rename-tag","_lower":"formulahendry.auto-rename-tag"},"activationEvent":"*"}
[2021-09-07 20:13:03.111] [exthost] [info] ExtensionService#loadCommonJSModule file:///home/gsr/.vscode/extensions/formulahendry.auto-rename-tag-0.1.8/packages/extension/dist/extensionMain.js
[2021-09-07 20:13:03.116] [exthost] [info] ExtensionService#_doActivateExtension herrmannplatz.npm-dependency-links {"startup":false,"extensionId":{"value":"herrmannplatz.npm-dependency-links","_lower":"herrmannplatz.npm-dependency-links"},"activationEvent":"*"}
[2021-09-07 20:13:03.116] [exthost] [info] ExtensionService#loadCommonJSModule file:///home/gsr/.vscode/extensions/herrmannplatz.npm-dependency-links-1.2.0/extension
[2021-09-07 20:13:03.117] [exthost] [info] ExtensionService#_doActivateExtension tombonnike.vscode-status-bar-format-toggle {"startup":false,"extensionId":{"value":"tombonnike.vscode-status-bar-format-toggle","_lower":"tombonnike.vscode-status-bar-format-toggle"},"activationEvent":"*"}
[2021-09-07 20:13:03.117] [exthost] [info] ExtensionService#loadCommonJSModule file:///home/gsr/.vscode/extensions/tombonnike.vscode-status-bar-format-toggle-2.0.0/out/extension
[2021-09-07 20:13:03.121] [exthost] [info] ExtensionService#_doActivateExtension vscodevim.vim {"startup":false,"extensionId":{"value":"vscodevim.vim","_lower":"vscodevim.vim"},"activationEvent":"*"}
[2021-09-07 20:13:03.121] [exthost] [info] ExtensionService#loadCommonJSModule file:///home/gsr/.vscode/extensions/vscodevim.vim-1.21.7/out/extension
[2021-09-07 20:13:03.148] [exthost] [info] ExtensionService#_doActivateExtension vscode.github-authentication {"startup":false,"extensionId":{"value":"vscode.github-authentication","_lower":"vscode.github-authentication"},"activationEvent":"onAuthenticationRequest:github"}
[2021-09-07 20:13:03.148] [exthost] [info] ExtensionService#loadCommonJSModule file:///snap/code/73/usr/share/code/resources/app/extensions/github-authentication/dist/extension.js
[2021-09-07 20:13:03.387] [exthost] [info] exiting with code 0
[2021-09-07 20:13:03.438] [exthost] [info] ExtensionService#_doActivateExtension vscode.github {"startup":false,"extensionId":{"value":"vscode.github","_lower":"vscode.github"},"activationEvent":"*"}
[2021-09-07 20:13:03.438] [exthost] [info] ExtensionService#loadCommonJSModule file:///snap/code/73/usr/share/code/resources/app/extensions/github/dist/extension.js
[2021-09-07 20:13:03.444] [exthost] [info] eager extensions activated
[2021-09-07 20:13:03.451] [exthost] [info] ExtensionService#_doActivateExtension vscode.emmet {"startup":false,"extensionId":{"value":"vscode.emmet","_lower":"vscode.emmet"},"activationEvent":"onStartupFinished"}
[2021-09-07 20:13:03.451] [exthost] [info] ExtensionService#loadCommonJSModule file:///snap/code/73/usr/share/code/resources/app/extensions/emmet/dist/node/emmetNodeMain
[2021-09-07 20:13:03.460] [exthost] [info] ExtensionService#_doActivateExtension vscode.merge-conflict {"startup":false,"extensionId":{"value":"vscode.merge-conflict","_lower":"vscode.merge-conflict"},"activationEvent":"onStartupFinished"}
[2021-09-07 20:13:03.460] [exthost] [info] ExtensionService#loadCommonJSModule file:///snap/code/73/usr/share/code/resources/app/extensions/merge-conflict/dist/mergeConflictMain
[2021-09-07 20:13:03.462] [exthost] [info] ExtensionService#_doActivateExtension dbaeumer.vscode-eslint {"startup":false,"extensionId":{"value":"dbaeumer.vscode-eslint","_lower":"dbaeumer.vscode-eslint"},"activationEvent":"onStartupFinished"}
[2021-09-07 20:13:03.462] [exthost] [info] ExtensionService#loadCommonJSModule file:///home/gsr/.vscode/extensions/dbaeumer.vscode-eslint-2.1.23/client/out/extension
[2021-09-07 20:13:03.470] [exthost] [info] ExtensionService#_doActivateExtension esbenp.prettier-vscode {"startup":false,"extensionId":{"value":"esbenp.prettier-vscode","_lower":"esbenp.prettier-vscode"},"activationEvent":"onStartupFinished"}
[2021-09-07 20:13:03.471] [exthost] [info] ExtensionService#loadCommonJSModule file:///home/gsr/.vscode/extensions/esbenp.prettier-vscode-8.1.0/dist/extension
[2021-09-07 20:13:59.967] [exthost] [info] ExtensionService#_doActivateExtension vscode.configuration-editing {"startup":false,"extensionId":{"value":"vscode.configuration-editing","_lower":"vscode.configuration-editing"},"activationEvent":"onLanguage:json"}
[2021-09-07 20:13:59.967] [exthost] [info] ExtensionService#loadCommonJSModule file:///snap/code/73/usr/share/code/resources/app/extensions/configuration-editing/dist/configurationEditingMain
[2021-09-07 20:13:59.974] [exthost] [info] ExtensionService#_doActivateExtension vscode.extension-editing {"startup":false,"extensionId":{"value":"vscode.extension-editing","_lower":"vscode.extension-editing"},"activationEvent":"onLanguage:json"}
[2021-09-07 20:13:59.974] [exthost] [info] ExtensionService#loadCommonJSModule file:///snap/code/73/usr/share/code/resources/app/extensions/extension-editing/dist/extensionEditingMain
[2021-09-07 20:13:59.980] [exthost] [info] ExtensionService#_doActivateExtension vscode.json-language-features {"startup":false,"extensionId":{"value":"vscode.json-language-features","_lower":"vscode.json-language-features"},"activationEvent":"onLanguage:json"}
[2021-09-07 20:13:59.981] [exthost] [info] ExtensionService#loadCommonJSModule file:///snap/code/73/usr/share/code/resources/app/extensions/json-language-features/client/dist/node/jsonClientMain
[2021-09-07 20:14:00.002] [exthost] [info] ExtensionService#_doActivateExtension vscode.npm {"startup":false,"extensionId":{"value":"vscode.npm","_lower":"vscode.npm"},"activationEvent":"onLanguage:json"}
[2021-09-07 20:14:00.002] [exthost] [info] ExtensionService#loadCommonJSModule file:///snap/code/73/usr/share/code/resources/app/extensions/npm/dist/npmMain
[2021-09-07 20:14:00.011] [exthost] [info] ExtensionService#_doActivateExtension eg2.vscode-npm-script {"startup":false,"extensionId":{"value":"eg2.vscode-npm-script","_lower":"eg2.vscode-npm-script"},"activationEvent":"onLanguage:json"}
[2021-09-07 20:14:00.011] [exthost] [info] ExtensionService#loadCommonJSModule file:///home/gsr/.vscode/extensions/eg2.vscode-npm-script-0.3.22/dist/extension
[2021-09-07 20:14:00.013] [exthost] [info] ExtensionService#_doActivateExtension mskelton.npm-outdated {"startup":false,"extensionId":{"value":"mskelton.npm-outdated","_lower":"mskelton.npm-outdated"},"activationEvent":"onLanguage:json"}
[2021-09-07 20:14:00.014] [exthost] [info] ExtensionService#loadCommonJSModule file:///home/gsr/.vscode/extensions/mskelton.npm-outdated-1.4.1/out/extension.js
[2021-09-07 20:14:00.016] [exthost] [info] ExtensionService#_doActivateExtension ZainChen.json {"startup":false,"extensionId":{"value":"ZainChen.json","_lower":"zainchen.json"},"activationEvent":"onLanguage:json"}
[2021-09-07 20:14:00.016] [exthost] [info] ExtensionService#loadCommonJSModule file:///home/gsr/.vscode/extensions/zainchen.json-2.0.2/out/extension.js
[2021-09-07 20:14:06.304] [exthost] [info] ExtensionService#_doActivateExtension vscode.typescript-language-features {"startup":false,"extensionId":{"value":"vscode.typescript-language-features","_lower":"vscode.typescript-language-features"},"activationEvent":"onLanguage:javascript"}
[2021-09-07 20:14:06.304] [exthost] [info] ExtensionService#loadCommonJSModule file:///snap/code/73/usr/share/code/resources/app/extensions/typescript-language-features/dist/extension
[2021-09-07 20:14:06.330] [exthost] [info] ExtensionService#_doActivateExtension christian-kohler.npm-intellisense {"startup":false,"extensionId":{"value":"christian-kohler.npm-intellisense","_lower":"christian-kohler.npm-intellisense"},"activationEvent":"onLanguage:javascript"}
[2021-09-07 20:14:06.330] [exthost] [info] ExtensionService#loadCommonJSModule file:///home/gsr/.vscode/extensions/christian-kohler.npm-intellisense-1.4.0/out/src/extension
[2021-09-07 20:14:06.377] [exthost] [info] ExtensionService#_doActivateExtension VisualStudioExptTeam.vscodeintellicode {"startup":false,"extensionId":{"value":"VisualStudioExptTeam.vscodeintellicode","_lower":"visualstudioexptteam.vscodeintellicode"},"activationEvent":"onLanguage:javascript"}
[2021-09-07 20:14:06.377] [exthost] [info] ExtensionService#loadCommonJSModule file:///home/gsr/.vscode/extensions/visualstudioexptteam.vscodeintellicode-1.2.14/dist/intellicode
[2021-09-07 20:14:07.459] [exthost] [info] ExtensionService#_doActivateExtension HookyQR.beautify {"startup":false,"extensionId":{"value":"HookyQR.beautify","_lower":"hookyqr.beautify"},"activationEvent":"*"}
[2021-09-07 20:14:07.459] [exthost] [info] ExtensionService#loadCommonJSModule file:///home/gsr/.vscode/extensions/hookyqr.beautify-1.5.0/extension
[2021-09-07 20:14:08.457] [exthost] [info] ExtensionService#_doActivateExtension donjayamanne.githistory {"startup":false,"extensionId":{"value":"donjayamanne.githistory","_lower":"donjayamanne.githistory"},"activationEvent":"*"}
[2021-09-07 20:14:08.457] [exthost] [info] ExtensionService#loadCommonJSModule file:///home/gsr/.vscode/extensions/donjayamanne.githistory-0.6.18/dist/src/extension
[2021-09-07 20:14:08.584] [exthost] [info] ExtensionService#_doActivateExtension dbaeumer.jshint {"startup":false,"extensionId":{"value":"dbaeumer.jshint","_lower":"dbaeumer.jshint"},"activationEvent":"onLanguage:javascript"}
[2021-09-07 20:14:08.584] [exthost] [info] ExtensionService#loadCommonJSModule file:///home/gsr/.vscode/extensions/dbaeumer.jshint-0.11.0/jshint/out/extension
[2021-09-07 20:18:25.487] [exthost] [info] extension host terminating: renderer closed the socket
[2021-09-07 20:18:26.515] [exthost] [info] exiting with code 0
