[2021-09-01 21:19:03.951] [exthost] [info] extension host started
[2021-09-01 21:19:04.040] [exthost] [info] ExtensionService#_doActivateExtension vscode.microsoft-authentication {"startup":false,"extensionId":{"value":"vscode.microsoft-authentication","_lower":"vscode.microsoft-authentication"},"activationEvent":"onAuthenticationRequest:microsoft"}
[2021-09-01 21:19:04.041] [exthost] [info] ExtensionService#loadCommonJSModule file:///snap/code/72/usr/share/code/resources/app/extensions/microsoft-authentication/dist/extension.js
[2021-09-01 21:19:04.084] [exthost] [info] ExtensionService#_doActivateExtension vscode.debug-auto-launch {"startup":true,"extensionId":{"value":"vscode.debug-auto-launch","_lower":"vscode.debug-auto-launch"},"activationEvent":"*"}
[2021-09-01 21:19:04.084] [exthost] [info] ExtensionService#loadCommonJSModule file:///snap/code/72/usr/share/code/resources/app/extensions/debug-auto-launch/dist/extension
[2021-09-01 21:19:04.088] [exthost] [info] ExtensionService#_doActivateExtension vscode.git {"startup":true,"extensionId":{"value":"vscode.github","_lower":"vscode.github"},"activationEvent":"*"}
[2021-09-01 21:19:04.088] [exthost] [info] ExtensionService#loadCommonJSModule file:///snap/code/72/usr/share/code/resources/app/extensions/git/dist/main
[2021-09-01 21:19:04.216] [exthost] [info] ExtensionService#_doActivateExtension vscode.github {"startup":true,"extensionId":{"value":"vscode.github","_lower":"vscode.github"},"activationEvent":"*"}
[2021-09-01 21:19:04.216] [exthost] [info] ExtensionService#loadCommonJSModule file:///snap/code/72/usr/share/code/resources/app/extensions/github/dist/extension.js
[2021-09-01 21:19:04.229] [exthost] [info] eager extensions activated
[2021-09-01 21:19:04.234] [exthost] [info] ExtensionService#_doActivateExtension vscode.emmet {"startup":false,"extensionId":{"value":"vscode.emmet","_lower":"vscode.emmet"},"activationEvent":"onStartupFinished"}
[2021-09-01 21:19:04.234] [exthost] [info] ExtensionService#loadCommonJSModule file:///snap/code/72/usr/share/code/resources/app/extensions/emmet/dist/node/emmetNodeMain
[2021-09-01 21:19:04.252] [exthost] [info] ExtensionService#_doActivateExtension vscode.merge-conflict {"startup":false,"extensionId":{"value":"vscode.merge-conflict","_lower":"vscode.merge-conflict"},"activationEvent":"onStartupFinished"}
[2021-09-01 21:19:04.252] [exthost] [info] ExtensionService#loadCommonJSModule file:///snap/code/72/usr/share/code/resources/app/extensions/merge-conflict/dist/mergeConflictMain
[2021-09-01 21:19:04.275] [exthost] [info] ExtensionService#_doActivateExtension ms-vscode.js-debug {"startup":false,"extensionId":{"value":"ms-vscode.js-debug","_lower":"ms-vscode.js-debug"},"activationEvent":"onCommand:extension.js-debug.clearAutoAttachVariables"}
[2021-09-01 21:19:04.275] [exthost] [info] ExtensionService#loadCommonJSModule file:///snap/code/72/usr/share/code/resources/app/extensions/ms-vscode.js-debug/src/extension.js
[2021-09-01 21:19:04.535] [exthost] [info] ExtensionService#_doActivateExtension vscode.github-authentication {"startup":false,"extensionId":{"value":"vscode.github-authentication","_lower":"vscode.github-authentication"},"activationEvent":"onAuthenticationRequest:github"}
[2021-09-01 21:19:04.535] [exthost] [info] ExtensionService#loadCommonJSModule file:///snap/code/72/usr/share/code/resources/app/extensions/github-authentication/dist/extension.js
[2021-09-01 21:19:14.401] [exthost] [info] ExtensionService#_doActivateExtension vscode.configuration-editing {"startup":false,"extensionId":{"value":"vscode.configuration-editing","_lower":"vscode.configuration-editing"},"activationEvent":"onLanguage:jsonc"}
[2021-09-01 21:19:14.402] [exthost] [info] ExtensionService#loadCommonJSModule file:///snap/code/72/usr/share/code/resources/app/extensions/configuration-editing/dist/configurationEditingMain
[2021-09-01 21:19:14.416] [exthost] [info] ExtensionService#_doActivateExtension vscode.json-language-features {"startup":false,"extensionId":{"value":"vscode.json-language-features","_lower":"vscode.json-language-features"},"activationEvent":"onLanguage:jsonc"}
[2021-09-01 21:19:14.417] [exthost] [info] ExtensionService#loadCommonJSModule file:///snap/code/72/usr/share/code/resources/app/extensions/json-language-features/client/dist/node/jsonClientMain
[2021-09-01 21:19:14.537] [exthost] [info] ExtensionService#_doActivateExtension vscode.typescript-language-features {"startup":false,"extensionId":{"value":"vscode.typescript-language-features","_lower":"vscode.typescript-language-features"},"activationEvent":"onLanguage:jsonc"}
[2021-09-01 21:19:14.537] [exthost] [info] ExtensionService#loadCommonJSModule file:///snap/code/72/usr/share/code/resources/app/extensions/typescript-language-features/dist/extension
[2021-09-01 21:19:25.215] [exthost] [info] extension host terminating: renderer closed the socket
[2021-09-01 21:19:26.226] [exthost] [info] exiting with code 0
