Validating found git in: git
Using git 2.25.1 from git
> git rev-parse --git-dir
Open repository: /home/gsr
> git status -z -u
> git check-ignore -v -z --stdin
> git symbolic-ref --short HEAD
> git for-each-ref --format=%(refname)%00%(upstream:short)%00%(objectname)%00%(upstream:track) refs/heads/master refs/remotes/master
> git for-each-ref --sort -committerdate --format %(refname) %(objectname) %(*objectname)
> git remote --verbose
> git config --get commit.template
> git show --textconv :todo-app/todo-api/app/Models/User.php
> git ls-files --stage -- /home/gsr/todo-app/todo-api/app/Models/User.php
> git show --textconv :todo-app/todo-api/routes/web.php
> git ls-files --stage -- /home/gsr/todo-app/todo-api/routes/web.php
> git check-ignore -v -z --stdin
> git show --textconv :todo-app/todo-api/app/Models/User.php
> git ls-files --stage -- /home/gsr/todo-app/todo-api/app/Models/User.php
> git show --textconv :todo-app/todo-api/app/Http/Controllers/TodoController.php
> git ls-files --stage -- /home/gsr/todo-app/todo-api/app/Http/Controllers/TodoController.php
> git check-ignore -v -z --stdin
> git show --textconv :todo-app/todo-api/app/Models/User.php
> git ls-files --stage -- /home/gsr/todo-app/todo-api/app/Models/User.php
> git show --textconv :todo-app/todo-api/app/Http/Controllers/UserController.php
> git ls-files --stage -- /home/gsr/todo-app/todo-api/app/Http/Controllers/UserController.php
> git show --textconv :todo-app/todo-api/app/Models/User.php
> git ls-files --stage -- /home/gsr/todo-app/todo-api/app/Models/User.php
> git show --textconv :todo-app/todo-api/.env
> git ls-files --stage -- /home/gsr/todo-app/todo-api/.env
> git check-ignore -v -z --stdin
> git show --textconv :todo-app/todo-api/app/Models/User.php
> git ls-files --stage -- /home/gsr/todo-app/todo-api/app/Models/User.php
> git show --textconv :todo-app/todo-api/routes/api.php
> git ls-files --stage -- /home/gsr/todo-app/todo-api/routes/api.php
> git show --textconv :todo-app/todo-api/.env
> git ls-files --stage -- /home/gsr/todo-app/todo-api/.env
> git check-ignore -v -z --stdin
> git check-ignore -v -z --stdin
> git check-ignore -v -z --stdin
> git check-ignore -v -z --stdin
> git check-ignore -v -z --stdin
> git check-ignore -v -z --stdin
> git check-ignore -v -z --stdin
> git log --format=%H%n%aN%n%aE%n%at%n%ct%n%P%n%B -z -n21 -- /home/gsr/todo-app/todo-api/.env
> git check-ignore -v -z --stdin
> git show --textconv :todo-app/todo-api/app/Models/Todo.php
> git ls-files --stage -- /home/gsr/todo-app/todo-api/app/Models/Todo.php
> git show --textconv :todo-app/todo-api/app/Models/User.php
> git ls-files --stage -- /home/gsr/todo-app/todo-api/app/Models/User.php
> git show --textconv :todo-app/todo-api/routes/api.php
> git ls-files --stage -- /home/gsr/todo-app/todo-api/routes/api.php
> git show --textconv :todo-app/todo-api/routes/console.php
> git ls-files --stage -- /home/gsr/todo-app/todo-api/routes/console.php
> git show --textconv :todo-app/todo-api/routes/web.php
> git ls-files --stage -- /home/gsr/todo-app/todo-api/routes/web.php
> git show --textconv :todo-app/todo-api/routes/channels.php
> git ls-files --stage -- /home/gsr/todo-app/todo-api/routes/channels.php
> git show --textconv :todo-app/todo-api/routes/api.php
> git ls-files --stage -- /home/gsr/todo-app/todo-api/routes/api.php
> git show --textconv :todo-app/todo-api/app/Models/Todo.php
> git ls-files --stage -- /home/gsr/todo-app/todo-api/app/Models/Todo.php
> git show --textconv :todo-app/todo-api/app/Models/User.php
> git ls-files --stage -- /home/gsr/todo-app/todo-api/app/Models/User.php
> git check-ignore -v -z --stdin
> git show --textconv :todo-app/todo-api/database/migrations/2014_10_12_000000_create_users_table.php
> git ls-files --stage -- /home/gsr/todo-app/todo-api/database/migrations/2014_10_12_000000_create_users_table.php
> git show --textconv :todo-app/todo-api/database/migrations/2014_10_12_100000_create_password_resets_table.php
> git ls-files --stage -- /home/gsr/todo-app/todo-api/database/migrations/2014_10_12_100000_create_password_resets_table.php
> git show --textconv :todo-app/todo-api/database/migrations/2019_08_19_000000_create_failed_jobs_table.php
> git ls-files --stage -- /home/gsr/todo-app/todo-api/database/migrations/2019_08_19_000000_create_failed_jobs_table.php
> git show --textconv :todo-app/todo-api/database/migrations/2019_12_14_000001_create_personal_access_tokens_table.php
> git ls-files --stage -- /home/gsr/todo-app/todo-api/database/migrations/2019_12_14_000001_create_personal_access_tokens_table.php
> git show --textconv :todo-app/todo-api/database/migrations/2021_09_03_140525_create_todos_table.php
> git ls-files --stage -- /home/gsr/todo-app/todo-api/database/migrations/2021_09_03_140525_create_todos_table.php
> git check-ignore -v -z --stdin
> git check-ignore -v -z --stdin
> git check-ignore -v -z --stdin
> git check-ignore -v -z --stdin
> git check-ignore -v -z --stdin
> git check-ignore -v -z --stdin
> git check-ignore -v -z --stdin
> git check-ignore -v -z --stdin
> git check-ignore -v -z --stdin
> git check-ignore -v -z --stdin
> git check-ignore -v -z --stdin
> git show --textconv :todo-app/todo-api/artisan
> git ls-files --stage -- /home/gsr/todo-app/todo-api/artisan
> git show --textconv :todo-app/todo-api/.styleci.yml
> git ls-files --stage -- /home/gsr/todo-app/todo-api/.styleci.yml
> git show --textconv :todo-app/todo-api/app/Models/User.php
> git ls-files --stage -- /home/gsr/todo-app/todo-api/app/Models/User.php
> git check-ignore -v -z --stdin
> git show --textconv :todo-app/todo-api/app/Providers/RouteServiceProvider.php
> git ls-files --stage -- /home/gsr/todo-app/todo-api/app/Providers/RouteServiceProvider.php
> git show --textconv :todo-app/todo-api/app/Providers/EventServiceProvider.php
> git ls-files --stage -- /home/gsr/todo-app/todo-api/app/Providers/EventServiceProvider.php
> git show --textconv :todo-app/todo-api/app/Providers/BroadcastServiceProvider.php
> git ls-files --stage -- /home/gsr/todo-app/todo-api/app/Providers/BroadcastServiceProvider.php
> git show --textconv :todo-app/todo-api/app/Providers/AuthServiceProvider.php
> git ls-files --stage -- /home/gsr/todo-app/todo-api/app/Providers/AuthServiceProvider.php
> git show --textconv :todo-app/todo-api/app/Providers/AppServiceProvider.php
> git ls-files --stage -- /home/gsr/todo-app/todo-api/app/Providers/AppServiceProvider.php
> git show --textconv :todo-app/todo-api/routes/api.php
> git ls-files --stage -- /home/gsr/todo-app/todo-api/routes/api.php
> git show --textconv :todo-app/todo-api/app/Models/User.php
> git ls-files --stage -- /home/gsr/todo-app/todo-api/app/Models/User.php
> git show --textconv :todo-app/todo-api/app/Models/Todo.php
> git ls-files --stage -- /home/gsr/todo-app/todo-api/app/Models/Todo.php
> git check-ignore -v -z --stdin
> git show --textconv :.config/Code/logs/20210904T170011/exthost1/output_logging_20210904T170018/5-Git.log
> git ls-files --stage -- /home/gsr/.config/Code/logs/20210904T170011/exthost1/output_logging_20210904T170018/5-Git.log
> git check-ignore -v -z --stdin
> git check-ignore -v -z --stdin
> git show --textconv :todo-app/todo-api/app/Models/User.php
> git ls-files --stage -- /home/gsr/todo-app/todo-api/app/Models/User.php
> git show --textconv :todo-app/todo-api/app/Http/Controllers/UserController.php
> git ls-files --stage -- /home/gsr/todo-app/todo-api/app/Http/Controllers/UserController.php
> git show --textconv :todo-app/todo-api/app/Http/Controllers/Controller.php
> git ls-files --stage -- /home/gsr/todo-app/todo-api/app/Http/Controllers/Controller.php
> git show --textconv :todo-app/todo-api/app/Http/Controllers/TodoController.php
> git ls-files --stage -- /home/gsr/todo-app/todo-api/app/Http/Controllers/TodoController.php
> git show --textconv :todo-app/todo-api/app/Http/Controllers/UserController.php
> git ls-files --stage -- /home/gsr/todo-app/todo-api/app/Http/Controllers/UserController.php
> git show --textconv :todo-app/todo-api/app/Models/User.php
> git ls-files --stage -- /home/gsr/todo-app/todo-api/app/Models/User.php
> git show --textconv :todo-app/todo-api/app/Providers/AuthServiceProvider.php
> git ls-files --stage -- /home/gsr/todo-app/todo-api/app/Providers/AuthServiceProvider.php
> git show --textconv :todo-app/todo-api/config/app.php
> git ls-files --stage -- /home/gsr/todo-app/todo-api/config/app.php
> git show --textconv :todo-app/todo-api/routes/api.php
> git ls-files --stage -- /home/gsr/todo-app/todo-api/routes/api.php
> git check-ignore -v -z --stdin
> git check-ignore -v -z --stdin
> git show --textconv :todo-app/todo-api/app/Models/User.php
> git ls-files --stage -- /home/gsr/todo-app/todo-api/app/Models/User.php
> git show --textconv :todo-app/todo-api/.env
> git ls-files --stage -- /home/gsr/todo-app/todo-api/.env
